<?xml version="1.0" encoding="UTF-8"?>
<testsuite xmlns:xsi="http://www.w3.org/2001/XMLSchema-instance" xsi:noNamespaceSchemaLocation="https://maven.apache.org/surefire/maven-surefire-plugin/xsd/surefire-test-report-3.0.xsd" version="3.0" name="runnerPack.Runner" time="78.535" tests="4" errors="1" skipped="3" failures="0">
  <properties>
[...]
</properties>
  <testcase name="Scenario: validate product search" classname="Scenario: validate product search" time="65.005">
    <error message="Expected condition failed: waiting for visibility of [[ChromeDriver: chrome on XP (ebf5bc0b43e1892a4cd7f8272da29841)] -&gt; xpath: //*[@name=&apos;password&apos;]] (tried for 30 second(s) with 500 MILLISECONDS interval)&#10;Build info: version: &apos;3.7.1&apos;, revision: &apos;8a0099a&apos;, time: &apos;2017-11-06T21:01:39.354Z&apos;&#10;System info: host: &apos;ADMIN-PC&apos;, ip: &apos;192.168.43.81&apos;, os.name: &apos;Windows 7&apos;, os.arch: &apos;amd64&apos;, os.version: &apos;6.1&apos;, java.version: &apos;1.8.0_191&apos;&#10;Driver info: org.openqa.selenium.chrome.ChromeDriver&#10;Capabilities {acceptInsecureCerts: false, acceptSslCerts: false, applicationCacheEnabled: false, browserConnectionEnabled: false, browserName: chrome, chrome: {chromedriverVersion: 2.45.615291 (ec3682e3c9061c..., userDataDir: C:\Users\admin\AppData\Loca...}, cssSelectorsEnabled: true, databaseEnabled: false, goog:chromeOptions: {debuggerAddress: localhost:49704}, handlesAlerts: true, hasTouchScreen: false, javascriptEnabled: true, locationContextEnabled: true, mobileEmulationEnabled: false, nativeEvents: true, networkConnectionEnabled: false, pageLoadStrategy: normal, platform: XP, platformName: XP, proxy: Proxy(), rotatable: false, setWindowRect: true, strictFileInteractability: false, takesHeapSnapshot: true, takesScreenshot: true, timeouts: {implicit: 0, pageLoad: 300000, script: 30000}, unexpectedAlertBehaviour: ignore, unhandledPromptBehavior: ignore, version: 72.0.3626.121, webStorageEnabled: true}&#10;Session ID: ebf5bc0b43e1892a4cd7f8272da29841" type="org.openqa.selenium.TimeoutException">org.openqa.selenium.TimeoutException: 
Expected condition failed: waiting for visibility of [[ChromeDriver: chrome on XP (ebf5bc0b43e1892a4cd7f8272da29841)] -> xpath: //*[@name='password']] (tried for 30 second(s) with 500 MILLISECONDS interval)
Build info: version: '3.7.1', revision: '8a0099a', time: '2017-11-06T21:01:39.354Z'
System info: host: 'ADMIN-PC', ip: '192.168.43.81', os.name: 'Windows 7', os.arch: 'amd64', os.version: '6.1', java.version: '1.8.0_191'
Driver info: org.openqa.selenium.chrome.ChromeDriver
Capabilities {acceptInsecureCerts: false, acceptSslCerts: false, applicationCacheEnabled: false, browserConnectionEnabled: false, browserName: chrome, chrome: {chromedriverVersion: 2.45.615291 (ec3682e3c9061c..., userDataDir: C:\Users\admin\AppData\Loca...}, cssSelectorsEnabled: true, databaseEnabled: false, goog:chromeOptions: {debuggerAddress: localhost:49704}, handlesAlerts: true, hasTouchScreen: false, javascriptEnabled: true, locationContextEnabled: true, mobileEmulationEnabled: false, nativeEvents: true, networkConnectionEnabled: false, pageLoadStrategy: normal, platform: XP, platformName: XP, proxy: Proxy(), rotatable: false, setWindowRect: true, strictFileInteractability: false, takesHeapSnapshot: true, takesScreenshot: true, timeouts: {implicit: 0, pageLoad: 300000, script: 30000}, unexpectedAlertBehaviour: ignore, unhandledPromptBehavior: ignore, version: 72.0.3626.121, webStorageEnabled: true}
Session ID: ebf5bc0b43e1892a4cd7f8272da29841
</error>
    <system-out><![CDATA[browser : chrome
2019-03-15 07:35:31,101 [Forwarding newSession on session null to remote] DEBUG org.apache.http.client.protocol.RequestAddCookies - CookieSpec selected: default
2019-03-15 07:35:31,155 [Forwarding newSession on session null to remote] DEBUG org.apache.http.client.protocol.RequestAuthCache - Auth cache not set in the context
2019-03-15 07:35:31,164 [Forwarding newSession on session null to remote] DEBUG org.apache.http.impl.conn.PoolingHttpClientConnectionManager - Connection request: [route: {}->http://localhost:26602][total kept alive: 0; route allocated: 0 of 2000; total allocated: 0 of 2000]
2019-03-15 07:35:31,218 [Forwarding newSession on session null to remote] DEBUG org.apache.http.impl.conn.PoolingHttpClientConnectionManager - Connection leased: [id: 0][route: {}->http://localhost:26602][total kept alive: 0; route allocated: 1 of 2000; total allocated: 1 of 2000]
2019-03-15 07:35:31,226 [Forwarding newSession on session null to remote] DEBUG org.apache.http.impl.execchain.MainClientExec - Opening connection {}->http://localhost:26602
2019-03-15 07:35:31,231 [Forwarding newSession on session null to remote] DEBUG org.apache.http.impl.conn.DefaultHttpClientConnectionOperator - Connecting to localhost/127.0.0.1:26602
2019-03-15 07:35:31,234 [Forwarding newSession on session null to remote] DEBUG org.apache.http.impl.conn.DefaultHttpClientConnectionOperator - Connection established 127.0.0.1:49703<->127.0.0.1:26602
2019-03-15 07:35:31,235 [Forwarding newSession on session null to remote] DEBUG org.apache.http.impl.conn.DefaultManagedHttpClientConnection - http-outgoing-0: set socket timeout to 10800000
2019-03-15 07:35:31,235 [Forwarding newSession on session null to remote] DEBUG org.apache.http.impl.execchain.MainClientExec - Executing request POST /session HTTP/1.1
2019-03-15 07:35:31,236 [Forwarding newSession on session null to remote] DEBUG org.apache.http.impl.execchain.MainClientExec - Target auth state: UNCHALLENGED
2019-03-15 07:35:31,239 [Forwarding newSession on session null to remote] DEBUG org.apache.http.impl.execchain.MainClientExec - Proxy auth state: UNCHALLENGED
2019-03-15 07:35:31,250 [Forwarding newSession on session null to remote] DEBUG org.apache.http.headers - http-outgoing-0 >> POST /session HTTP/1.1
2019-03-15 07:35:31,251 [Forwarding newSession on session null to remote] DEBUG org.apache.http.headers - http-outgoing-0 >> Content-Type: application/json; charset=utf-8
2019-03-15 07:35:31,251 [Forwarding newSession on session null to remote] DEBUG org.apache.http.headers - http-outgoing-0 >> Content-Length: 667
2019-03-15 07:35:31,251 [Forwarding newSession on session null to remote] DEBUG org.apache.http.headers - http-outgoing-0 >> Host: localhost:26602
2019-03-15 07:35:31,252 [Forwarding newSession on session null to remote] DEBUG org.apache.http.headers - http-outgoing-0 >> Connection: Keep-Alive
2019-03-15 07:35:31,252 [Forwarding newSession on session null to remote] DEBUG org.apache.http.headers - http-outgoing-0 >> User-Agent: Apache-HttpClient/4.5.3 (Java/1.8.0_191)
2019-03-15 07:35:31,252 [Forwarding newSession on session null to remote] DEBUG org.apache.http.headers - http-outgoing-0 >> Accept-Encoding: gzip,deflate
2019-03-15 07:35:31,253 [Forwarding newSession on session null to remote] DEBUG org.apache.http.wire - http-outgoing-0 >> "POST /session HTTP/1.1[\r][\n]"
2019-03-15 07:35:31,253 [Forwarding newSession on session null to remote] DEBUG org.apache.http.wire - http-outgoing-0 >> "Content-Type: application/json; charset=utf-8[\r][\n]"
2019-03-15 07:35:31,253 [Forwarding newSession on session null to remote] DEBUG org.apache.http.wire - http-outgoing-0 >> "Content-Length: 667[\r][\n]"
2019-03-15 07:35:31,253 [Forwarding newSession on session null to remote] DEBUG org.apache.http.wire - http-outgoing-0 >> "Host: localhost:26602[\r][\n]"
2019-03-15 07:35:31,253 [Forwarding newSession on session null to remote] DEBUG org.apache.http.wire - http-outgoing-0 >> "Connection: Keep-Alive[\r][\n]"
2019-03-15 07:35:31,254 [Forwarding newSession on session null to remote] DEBUG org.apache.http.wire - http-outgoing-0 >> "User-Agent: Apache-HttpClient/4.5.3 (Java/1.8.0_191)[\r][\n]"
2019-03-15 07:35:31,254 [Forwarding newSession on session null to remote] DEBUG org.apache.http.wire - http-outgoing-0 >> "Accept-Encoding: gzip,deflate[\r][\n]"
2019-03-15 07:35:31,254 [Forwarding newSession on session null to remote] DEBUG org.apache.http.wire - http-outgoing-0 >> "[\r][\n]"
2019-03-15 07:35:31,254 [Forwarding newSession on session null to remote] DEBUG org.apache.http.wire - http-outgoing-0 >> "{[\n]"
2019-03-15 07:35:31,255 [Forwarding newSession on session null to remote] DEBUG org.apache.http.wire - http-outgoing-0 >> "  "desiredCapabilities": {[\n]"
2019-03-15 07:35:31,255 [Forwarding newSession on session null to remote] DEBUG org.apache.http.wire - http-outgoing-0 >> "    "browserName": "chrome",[\n]"
2019-03-15 07:35:31,255 [Forwarding newSession on session null to remote] DEBUG org.apache.http.wire - http-outgoing-0 >> "    "goog:chromeOptions": {[\n]"
2019-03-15 07:35:31,255 [Forwarding newSession on session null to remote] DEBUG org.apache.http.wire - http-outgoing-0 >> "      "args": [[\n]"
2019-03-15 07:35:31,255 [Forwarding newSession on session null to remote] DEBUG org.apache.http.wire - http-outgoing-0 >> "        "start-maximized"[\n]"
2019-03-15 07:35:31,255 [Forwarding newSession on session null to remote] DEBUG org.apache.http.wire - http-outgoing-0 >> "      ],[\n]"
2019-03-15 07:35:31,255 [Forwarding newSession on session null to remote] DEBUG org.apache.http.wire - http-outgoing-0 >> "      "extensions": [][\n]"
2019-03-15 07:35:31,255 [Forwarding newSession on session null to remote] DEBUG org.apache.http.wire - http-outgoing-0 >> "    }[\n]"
2019-03-15 07:35:31,255 [Forwarding newSession on session null to remote] DEBUG org.apache.http.wire - http-outgoing-0 >> "  },[\n]"
2019-03-15 07:35:31,255 [Forwarding newSession on session null to remote] DEBUG org.apache.http.wire - http-outgoing-0 >> "  "requiredCapabilities": {},[\n]"
2019-03-15 07:35:31,256 [Forwarding newSession on session null to remote] DEBUG org.apache.http.wire - http-outgoing-0 >> "  "capabilities": {[\n]"
2019-03-15 07:35:31,256 [Forwarding newSession on session null to remote] DEBUG org.apache.http.wire - http-outgoing-0 >> "    "desiredCapabilities": {[\n]"
2019-03-15 07:35:31,256 [Forwarding newSession on session null to remote] DEBUG org.apache.http.wire - http-outgoing-0 >> "      "browserName": "chrome",[\n]"
2019-03-15 07:35:31,256 [Forwarding newSession on session null to remote] DEBUG org.apache.http.wire - http-outgoing-0 >> "      "goog:chromeOptions": {[\n]"
2019-03-15 07:35:31,256 [Forwarding newSession on session null to remote] DEBUG org.apache.http.wire - http-outgoing-0 >> "        "args": [[\n]"
2019-03-15 07:35:31,256 [Forwarding newSession on session null to remote] DEBUG org.apache.http.wire - http-outgoing-0 >> "          "start-maximized"[\n]"
2019-03-15 07:35:31,257 [Forwarding newSession on session null to remote] DEBUG org.apache.http.wire - http-outgoing-0 >> "        ],[\n]"
2019-03-15 07:35:31,257 [Forwarding newSession on session null to remote] DEBUG org.apache.http.wire - http-outgoing-0 >> "        "extensions": [][\n]"
2019-03-15 07:35:31,257 [Forwarding newSession on session null to remote] DEBUG org.apache.http.wire - http-outgoing-0 >> "      }[\n]"
2019-03-15 07:35:31,257 [Forwarding newSession on session null to remote] DEBUG org.apache.http.wire - http-outgoing-0 >> "    },[\n]"
2019-03-15 07:35:31,258 [Forwarding newSession on session null to remote] DEBUG org.apache.http.wire - http-outgoing-0 >> "    "requiredCapabilities": {},[\n]"
2019-03-15 07:35:31,258 [Forwarding newSession on session null to remote] DEBUG org.apache.http.wire - http-outgoing-0 >> "    "alwaysMatch": {[\n]"
2019-03-15 07:35:31,258 [Forwarding newSession on session null to remote] DEBUG org.apache.http.wire - http-outgoing-0 >> "      "goog:chromeOptions": {[\n]"
2019-03-15 07:35:31,258 [Forwarding newSession on session null to remote] DEBUG org.apache.http.wire - http-outgoing-0 >> "        "args": [[\n]"
2019-03-15 07:35:31,258 [Forwarding newSession on session null to remote] DEBUG org.apache.http.wire - http-outgoing-0 >> "          "start-maximized"[\n]"
2019-03-15 07:35:31,278 [Forwarding newSession on session null to remote] DEBUG org.apache.http.wire - http-outgoing-0 >> "        ],[\n]"
2019-03-15 07:35:31,278 [Forwarding newSession on session null to remote] DEBUG org.apache.http.wire - http-outgoing-0 >> "        "extensions": [][\n]"
2019-03-15 07:35:31,278 [Forwarding newSession on session null to remote] DEBUG org.apache.http.wire - http-outgoing-0 >> "      }[\n]"
2019-03-15 07:35:31,278 [Forwarding newSession on session null to remote] DEBUG org.apache.http.wire - http-outgoing-0 >> "    },[\n]"
2019-03-15 07:35:31,278 [Forwarding newSession on session null to remote] DEBUG org.apache.http.wire - http-outgoing-0 >> "    "firstMatch": [[\n]"
2019-03-15 07:35:31,278 [Forwarding newSession on session null to remote] DEBUG org.apache.http.wire - http-outgoing-0 >> "      {[\n]"
2019-03-15 07:35:31,278 [Forwarding newSession on session null to remote] DEBUG org.apache.http.wire - http-outgoing-0 >> "        "browserName": "chrome"[\n]"
2019-03-15 07:35:31,279 [Forwarding newSession on session null to remote] DEBUG org.apache.http.wire - http-outgoing-0 >> "      }[\n]"
2019-03-15 07:35:31,279 [Forwarding newSession on session null to remote] DEBUG org.apache.http.wire - http-outgoing-0 >> "    ][\n]"
2019-03-15 07:35:31,279 [Forwarding newSession on session null to remote] DEBUG org.apache.http.wire - http-outgoing-0 >> "  }[\n]"
2019-03-15 07:35:31,279 [Forwarding newSession on session null to remote] DEBUG org.apache.http.wire - http-outgoing-0 >> "}"
2019-03-15 07:35:44,691 [Forwarding newSession on session null to remote] DEBUG org.apache.http.wire - http-outgoing-0 << "HTTP/1.1 200 OK[\r][\n]"
2019-03-15 07:35:44,692 [Forwarding newSession on session null to remote] DEBUG org.apache.http.wire - http-outgoing-0 << "Content-Length:997[\r][\n]"
2019-03-15 07:35:44,692 [Forwarding newSession on session null to remote] DEBUG org.apache.http.wire - http-outgoing-0 << "Content-Type:application/json; charset=utf-8[\r][\n]"
2019-03-15 07:35:44,692 [Forwarding newSession on session null to remote] DEBUG org.apache.http.wire - http-outgoing-0 << "[\r][\n]"
2019-03-15 07:35:44,692 [Forwarding newSession on session null to remote] DEBUG org.apache.http.wire - http-outgoing-0 << "{"sessionId":"ebf5bc0b43e1892a4cd7f8272da29841","status":0,"value":{"acceptInsecureCerts":false,"acceptSslCerts":false,"applicationCacheEnabled":false,"browserConnectionEnabled":false,"browserName":"chrome","chrome":{"chromedriverVersion":"2.45.615291 (ec3682e3c9061c10f26ea9e5cdcf3c53f3f74387)","userDataDir":"C:\\Users\\admin\\AppData\\Local\\Temp\\scoped_dir7584_1789"},"cssSelectorsEnabled":true,"databaseEnabled":false,"goog:chromeOptions":{"debuggerAddress":"localhost:49704"},"handlesAlerts":true,"hasTouchScreen":false,"javascriptEnabled":true,"locationContextEnabled":true,"mobileEmulationEnabled":false,"nativeEvents":true,"networkConnectionEnabled":false,"pageLoadStrategy":"normal","platform":"Windows NT","proxy":{},"rotatable":false,"setWindowRect":true,"strictFileInteractability":false,"takesHeapSnapshot":true,"takesScreenshot":true,"timeouts":{"implicit":0,"pageLoad":300000,"script":30000},"unexpectedAlertBehaviour":"ignore","version":"72.0.3626.121","webStorageEnabled":true}}"
2019-03-15 07:35:44,720 [Forwarding newSession on session null to remote] DEBUG org.apache.http.headers - http-outgoing-0 << HTTP/1.1 200 OK
2019-03-15 07:35:44,721 [Forwarding newSession on session null to remote] DEBUG org.apache.http.headers - http-outgoing-0 << Content-Length:997
2019-03-15 07:35:44,721 [Forwarding newSession on session null to remote] DEBUG org.apache.http.headers - http-outgoing-0 << Content-Type:application/json; charset=utf-8
2019-03-15 07:35:44,800 [Forwarding newSession on session null to remote] DEBUG org.apache.http.impl.execchain.MainClientExec - Connection can be kept alive indefinitely
2019-03-15 07:35:44,861 [Forwarding newSession on session null to remote] DEBUG org.apache.http.impl.conn.PoolingHttpClientConnectionManager - Connection [id: 0][route: {}->http://localhost:26602] can be kept alive indefinitely
2019-03-15 07:35:44,862 [Forwarding newSession on session null to remote] DEBUG org.apache.http.impl.conn.PoolingHttpClientConnectionManager - Connection released: [id: 0][route: {}->http://localhost:26602][total kept alive: 1; route allocated: 1 of 2000; total allocated: 1 of 2000]
current envrionment is : preProd
2019-03-15 07:35:45,557 [Forwarding get on session ebf5bc0b43e1892a4cd7f8272da29841 to remote] DEBUG org.apache.http.client.protocol.RequestAddCookies - CookieSpec selected: default
2019-03-15 07:35:45,558 [Forwarding get on session ebf5bc0b43e1892a4cd7f8272da29841 to remote] DEBUG org.apache.http.client.protocol.RequestAuthCache - Auth cache not set in the context
2019-03-15 07:35:45,559 [Forwarding get on session ebf5bc0b43e1892a4cd7f8272da29841 to remote] DEBUG org.apache.http.impl.conn.PoolingHttpClientConnectionManager - Connection request: [route: {}->http://localhost:26602][total kept alive: 1; route allocated: 1 of 2000; total allocated: 1 of 2000]
2019-03-15 07:35:45,560 [Forwarding get on session ebf5bc0b43e1892a4cd7f8272da29841 to remote] DEBUG org.apache.http.impl.conn.PoolingHttpClientConnectionManager - Connection leased: [id: 0][route: {}->http://localhost:26602][total kept alive: 0; route allocated: 1 of 2000; total allocated: 1 of 2000]
2019-03-15 07:35:45,560 [Forwarding get on session ebf5bc0b43e1892a4cd7f8272da29841 to remote] DEBUG org.apache.http.impl.execchain.MainClientExec - Stale connection check
2019-03-15 07:35:45,574 [Forwarding get on session ebf5bc0b43e1892a4cd7f8272da29841 to remote] DEBUG org.apache.http.wire - http-outgoing-0 << "[read] I/O error: Read timed out"
2019-03-15 07:35:45,575 [Forwarding get on session ebf5bc0b43e1892a4cd7f8272da29841 to remote] DEBUG org.apache.http.impl.conn.DefaultManagedHttpClientConnection - http-outgoing-0: set socket timeout to 10800000
2019-03-15 07:35:45,575 [Forwarding get on session ebf5bc0b43e1892a4cd7f8272da29841 to remote] DEBUG org.apache.http.impl.execchain.MainClientExec - Executing request POST /session/ebf5bc0b43e1892a4cd7f8272da29841/url HTTP/1.1
2019-03-15 07:35:45,575 [Forwarding get on session ebf5bc0b43e1892a4cd7f8272da29841 to remote] DEBUG org.apache.http.impl.execchain.MainClientExec - Target auth state: UNCHALLENGED
2019-03-15 07:35:45,575 [Forwarding get on session ebf5bc0b43e1892a4cd7f8272da29841 to remote] DEBUG org.apache.http.impl.execchain.MainClientExec - Proxy auth state: UNCHALLENGED
2019-03-15 07:35:45,577 [Forwarding get on session ebf5bc0b43e1892a4cd7f8272da29841 to remote] DEBUG org.apache.http.headers - http-outgoing-0 >> POST /session/ebf5bc0b43e1892a4cd7f8272da29841/url HTTP/1.1
2019-03-15 07:35:45,577 [Forwarding get on session ebf5bc0b43e1892a4cd7f8272da29841 to remote] DEBUG org.apache.http.headers - http-outgoing-0 >> Content-Type: application/json; charset=utf-8
2019-03-15 07:35:45,579 [Forwarding get on session ebf5bc0b43e1892a4cd7f8272da29841 to remote] DEBUG org.apache.http.headers - http-outgoing-0 >> Content-Length: 522
2019-03-15 07:35:45,579 [Forwarding get on session ebf5bc0b43e1892a4cd7f8272da29841 to remote] DEBUG org.apache.http.headers - http-outgoing-0 >> Host: localhost:26602
2019-03-15 07:35:45,579 [Forwarding get on session ebf5bc0b43e1892a4cd7f8272da29841 to remote] DEBUG org.apache.http.headers - http-outgoing-0 >> Connection: Keep-Alive
2019-03-15 07:35:45,579 [Forwarding get on session ebf5bc0b43e1892a4cd7f8272da29841 to remote] DEBUG org.apache.http.headers - http-outgoing-0 >> User-Agent: Apache-HttpClient/4.5.3 (Java/1.8.0_191)
2019-03-15 07:35:45,579 [Forwarding get on session ebf5bc0b43e1892a4cd7f8272da29841 to remote] DEBUG org.apache.http.headers - http-outgoing-0 >> Accept-Encoding: gzip,deflate
2019-03-15 07:35:45,580 [Forwarding get on session ebf5bc0b43e1892a4cd7f8272da29841 to remote] DEBUG org.apache.http.wire - http-outgoing-0 >> "POST /session/ebf5bc0b43e1892a4cd7f8272da29841/url HTTP/1.1[\r][\n]"
2019-03-15 07:35:45,580 [Forwarding get on session ebf5bc0b43e1892a4cd7f8272da29841 to remote] DEBUG org.apache.http.wire - http-outgoing-0 >> "Content-Type: application/json; charset=utf-8[\r][\n]"
2019-03-15 07:35:45,580 [Forwarding get on session ebf5bc0b43e1892a4cd7f8272da29841 to remote] DEBUG org.apache.http.wire - http-outgoing-0 >> "Content-Length: 522[\r][\n]"
2019-03-15 07:35:45,580 [Forwarding get on session ebf5bc0b43e1892a4cd7f8272da29841 to remote] DEBUG org.apache.http.wire - http-outgoing-0 >> "Host: localhost:26602[\r][\n]"
2019-03-15 07:35:45,580 [Forwarding get on session ebf5bc0b43e1892a4cd7f8272da29841 to remote] DEBUG org.apache.http.wire - http-outgoing-0 >> "Connection: Keep-Alive[\r][\n]"
2019-03-15 07:35:45,580 [Forwarding get on session ebf5bc0b43e1892a4cd7f8272da29841 to remote] DEBUG org.apache.http.wire - http-outgoing-0 >> "User-Agent: Apache-HttpClient/4.5.3 (Java/1.8.0_191)[\r][\n]"
2019-03-15 07:35:45,580 [Forwarding get on session ebf5bc0b43e1892a4cd7f8272da29841 to remote] DEBUG org.apache.http.wire - http-outgoing-0 >> "Accept-Encoding: gzip,deflate[\r][\n]"
2019-03-15 07:35:45,580 [Forwarding get on session ebf5bc0b43e1892a4cd7f8272da29841 to remote] DEBUG org.apache.http.wire - http-outgoing-0 >> "[\r][\n]"
2019-03-15 07:35:45,580 [Forwarding get on session ebf5bc0b43e1892a4cd7f8272da29841 to remote] DEBUG org.apache.http.wire - http-outgoing-0 >> "{"url":"https://www.amazon.in/ap/signin?_encoding=UTF8&ignoreAuthState=1&openid.assoc_handle=inflex&openid.claimed_id=http%3A%2F%2Fspecs.openid.net%2Fauth%2F2.0%2Fidentifier_select&openid.identity=http%3A%2F%2Fspecs.openid.net%2Fauth%2F2.0%2Fidentifier_select&openid.mode=checkid_setup&openid.ns=http%3A%2F%2Fspecs.openid.net%2Fauth%2F2.0&openid.ns.pape=http%3A%2F%2Fspecs.openid.net%2Fextensions%2Fpape%2F1.0&openid.pape.max_auth_age=0&openid.return_to=https%3A%2F%2Fwww.amazon.in%2F%3Fref_%3Dnav_signin&switch_account="}"
2019-03-15 07:35:57,590 [Forwarding get on session ebf5bc0b43e1892a4cd7f8272da29841 to remote] DEBUG org.apache.http.wire - http-outgoing-0 << "HTTP/1.1 200 OK[\r][\n]"
2019-03-15 07:35:57,590 [Forwarding get on session ebf5bc0b43e1892a4cd7f8272da29841 to remote] DEBUG org.apache.http.wire - http-outgoing-0 << "Content-Length:72[\r][\n]"
2019-03-15 07:35:57,590 [Forwarding get on session ebf5bc0b43e1892a4cd7f8272da29841 to remote] DEBUG org.apache.http.wire - http-outgoing-0 << "Content-Type:application/json; charset=utf-8[\r][\n]"
2019-03-15 07:35:57,593 [Forwarding get on session ebf5bc0b43e1892a4cd7f8272da29841 to remote] DEBUG org.apache.http.wire - http-outgoing-0 << "[\r][\n]"
2019-03-15 07:35:57,593 [Forwarding get on session ebf5bc0b43e1892a4cd7f8272da29841 to remote] DEBUG org.apache.http.wire - http-outgoing-0 << "{"sessionId":"ebf5bc0b43e1892a4cd7f8272da29841","status":0,"value":null}"
2019-03-15 07:35:57,594 [Forwarding get on session ebf5bc0b43e1892a4cd7f8272da29841 to remote] DEBUG org.apache.http.headers - http-outgoing-0 << HTTP/1.1 200 OK
2019-03-15 07:35:57,594 [Forwarding get on session ebf5bc0b43e1892a4cd7f8272da29841 to remote] DEBUG org.apache.http.headers - http-outgoing-0 << Content-Length:72
2019-03-15 07:35:57,594 [Forwarding get on session ebf5bc0b43e1892a4cd7f8272da29841 to remote] DEBUG org.apache.http.headers - http-outgoing-0 << Content-Type:application/json; charset=utf-8
2019-03-15 07:35:57,594 [Forwarding get on session ebf5bc0b43e1892a4cd7f8272da29841 to remote] DEBUG org.apache.http.impl.execchain.MainClientExec - Connection can be kept alive indefinitely
2019-03-15 07:35:57,594 [Forwarding get on session ebf5bc0b43e1892a4cd7f8272da29841 to remote] DEBUG org.apache.http.impl.conn.PoolingHttpClientConnectionManager - Connection [id: 0][route: {}->http://localhost:26602] can be kept alive indefinitely
2019-03-15 07:35:57,595 [Forwarding get on session ebf5bc0b43e1892a4cd7f8272da29841 to remote] DEBUG org.apache.http.impl.conn.PoolingHttpClientConnectionManager - Connection released: [id: 0][route: {}->http://localhost:26602][total kept alive: 1; route allocated: 1 of 2000; total allocated: 1 of 2000]
2019-03-15 07:35:57,808 [Forwarding findElement on session ebf5bc0b43e1892a4cd7f8272da29841 to remote] DEBUG org.apache.http.client.protocol.RequestAddCookies - CookieSpec selected: default
2019-03-15 07:35:57,808 [Forwarding findElement on session ebf5bc0b43e1892a4cd7f8272da29841 to remote] DEBUG org.apache.http.client.protocol.RequestAuthCache - Auth cache not set in the context
2019-03-15 07:35:57,808 [Forwarding findElement on session ebf5bc0b43e1892a4cd7f8272da29841 to remote] DEBUG org.apache.http.impl.conn.PoolingHttpClientConnectionManager - Connection request: [route: {}->http://localhost:26602][total kept alive: 1; route allocated: 1 of 2000; total allocated: 1 of 2000]
2019-03-15 07:35:57,808 [Forwarding findElement on session ebf5bc0b43e1892a4cd7f8272da29841 to remote] DEBUG org.apache.http.impl.conn.PoolingHttpClientConnectionManager - Connection leased: [id: 0][route: {}->http://localhost:26602][total kept alive: 0; route allocated: 1 of 2000; total allocated: 1 of 2000]
2019-03-15 07:35:57,808 [Forwarding findElement on session ebf5bc0b43e1892a4cd7f8272da29841 to remote] DEBUG org.apache.http.impl.execchain.MainClientExec - Stale connection check
2019-03-15 07:35:57,810 [Forwarding findElement on session ebf5bc0b43e1892a4cd7f8272da29841 to remote] DEBUG org.apache.http.wire - http-outgoing-0 << "[read] I/O error: Read timed out"
2019-03-15 07:35:57,810 [Forwarding findElement on session ebf5bc0b43e1892a4cd7f8272da29841 to remote] DEBUG org.apache.http.impl.conn.DefaultManagedHttpClientConnection - http-outgoing-0: set socket timeout to 10800000
2019-03-15 07:35:57,810 [Forwarding findElement on session ebf5bc0b43e1892a4cd7f8272da29841 to remote] DEBUG org.apache.http.impl.execchain.MainClientExec - Executing request POST /session/ebf5bc0b43e1892a4cd7f8272da29841/element HTTP/1.1
2019-03-15 07:35:57,810 [Forwarding findElement on session ebf5bc0b43e1892a4cd7f8272da29841 to remote] DEBUG org.apache.http.impl.execchain.MainClientExec - Target auth state: UNCHALLENGED
2019-03-15 07:35:57,810 [Forwarding findElement on session ebf5bc0b43e1892a4cd7f8272da29841 to remote] DEBUG org.apache.http.impl.execchain.MainClientExec - Proxy auth state: UNCHALLENGED
2019-03-15 07:35:57,810 [Forwarding findElement on session ebf5bc0b43e1892a4cd7f8272da29841 to remote] DEBUG org.apache.http.headers - http-outgoing-0 >> POST /session/ebf5bc0b43e1892a4cd7f8272da29841/element HTTP/1.1
2019-03-15 07:35:57,811 [Forwarding findElement on session ebf5bc0b43e1892a4cd7f8272da29841 to remote] DEBUG org.apache.http.headers - http-outgoing-0 >> Content-Type: application/json; charset=utf-8
2019-03-15 07:35:57,811 [Forwarding findElement on session ebf5bc0b43e1892a4cd7f8272da29841 to remote] DEBUG org.apache.http.headers - http-outgoing-0 >> Content-Length: 46
2019-03-15 07:35:57,811 [Forwarding findElement on session ebf5bc0b43e1892a4cd7f8272da29841 to remote] DEBUG org.apache.http.headers - http-outgoing-0 >> Host: localhost:26602
2019-03-15 07:35:57,811 [Forwarding findElement on session ebf5bc0b43e1892a4cd7f8272da29841 to remote] DEBUG org.apache.http.headers - http-outgoing-0 >> Connection: Keep-Alive
2019-03-15 07:35:57,811 [Forwarding findElement on session ebf5bc0b43e1892a4cd7f8272da29841 to remote] DEBUG org.apache.http.headers - http-outgoing-0 >> User-Agent: Apache-HttpClient/4.5.3 (Java/1.8.0_191)
2019-03-15 07:35:57,812 [Forwarding findElement on session ebf5bc0b43e1892a4cd7f8272da29841 to remote] DEBUG org.apache.http.headers - http-outgoing-0 >> Accept-Encoding: gzip,deflate
2019-03-15 07:35:57,813 [Forwarding findElement on session ebf5bc0b43e1892a4cd7f8272da29841 to remote] DEBUG org.apache.http.wire - http-outgoing-0 >> "POST /session/ebf5bc0b43e1892a4cd7f8272da29841/element HTTP/1.1[\r][\n]"
2019-03-15 07:35:57,813 [Forwarding findElement on session ebf5bc0b43e1892a4cd7f8272da29841 to remote] DEBUG org.apache.http.wire - http-outgoing-0 >> "Content-Type: application/json; charset=utf-8[\r][\n]"
2019-03-15 07:35:57,813 [Forwarding findElement on session ebf5bc0b43e1892a4cd7f8272da29841 to remote] DEBUG org.apache.http.wire - http-outgoing-0 >> "Content-Length: 46[\r][\n]"
2019-03-15 07:35:57,813 [Forwarding findElement on session ebf5bc0b43e1892a4cd7f8272da29841 to remote] DEBUG org.apache.http.wire - http-outgoing-0 >> "Host: localhost:26602[\r][\n]"
2019-03-15 07:35:57,813 [Forwarding findElement on session ebf5bc0b43e1892a4cd7f8272da29841 to remote] DEBUG org.apache.http.wire - http-outgoing-0 >> "Connection: Keep-Alive[\r][\n]"
2019-03-15 07:35:57,815 [Forwarding findElement on session ebf5bc0b43e1892a4cd7f8272da29841 to remote] DEBUG org.apache.http.wire - http-outgoing-0 >> "User-Agent: Apache-HttpClient/4.5.3 (Java/1.8.0_191)[\r][\n]"
2019-03-15 07:35:57,815 [Forwarding findElement on session ebf5bc0b43e1892a4cd7f8272da29841 to remote] DEBUG org.apache.http.wire - http-outgoing-0 >> "Accept-Encoding: gzip,deflate[\r][\n]"
2019-03-15 07:35:57,815 [Forwarding findElement on session ebf5bc0b43e1892a4cd7f8272da29841 to remote] DEBUG org.apache.http.wire - http-outgoing-0 >> "[\r][\n]"
2019-03-15 07:35:57,815 [Forwarding findElement on session ebf5bc0b43e1892a4cd7f8272da29841 to remote] DEBUG org.apache.http.wire - http-outgoing-0 >> "{"using":"xpath","value":"//*[@name='email']"}"
2019-03-15 07:35:58,081 [Forwarding findElement on session ebf5bc0b43e1892a4cd7f8272da29841 to remote] DEBUG org.apache.http.wire - http-outgoing-0 << "HTTP/1.1 200 OK[\r][\n]"
2019-03-15 07:35:58,082 [Forwarding findElement on session ebf5bc0b43e1892a4cd7f8272da29841 to remote] DEBUG org.apache.http.wire - http-outgoing-0 << "Content-Length:102[\r][\n]"
2019-03-15 07:35:58,082 [Forwarding findElement on session ebf5bc0b43e1892a4cd7f8272da29841 to remote] DEBUG org.apache.http.wire - http-outgoing-0 << "Content-Type:application/json; charset=utf-8[\r][\n]"
2019-03-15 07:35:58,082 [Forwarding findElement on session ebf5bc0b43e1892a4cd7f8272da29841 to remote] DEBUG org.apache.http.wire - http-outgoing-0 << "[\r][\n]"
2019-03-15 07:35:58,082 [Forwarding findElement on session ebf5bc0b43e1892a4cd7f8272da29841 to remote] DEBUG org.apache.http.wire - http-outgoing-0 << "{"sessionId":"ebf5bc0b43e1892a4cd7f8272da29841","status":0,"value":{"ELEMENT":"0.5773009465583292-1"}}"
2019-03-15 07:35:58,083 [Forwarding findElement on session ebf5bc0b43e1892a4cd7f8272da29841 to remote] DEBUG org.apache.http.headers - http-outgoing-0 << HTTP/1.1 200 OK
2019-03-15 07:35:58,083 [Forwarding findElement on session ebf5bc0b43e1892a4cd7f8272da29841 to remote] DEBUG org.apache.http.headers - http-outgoing-0 << Content-Length:102
2019-03-15 07:35:58,083 [Forwarding findElement on session ebf5bc0b43e1892a4cd7f8272da29841 to remote] DEBUG org.apache.http.headers - http-outgoing-0 << Content-Type:application/json; charset=utf-8
2019-03-15 07:35:58,084 [Forwarding findElement on session ebf5bc0b43e1892a4cd7f8272da29841 to remote] DEBUG org.apache.http.impl.execchain.MainClientExec - Connection can be kept alive indefinitely
2019-03-15 07:35:58,084 [Forwarding findElement on session ebf5bc0b43e1892a4cd7f8272da29841 to remote] DEBUG org.apache.http.impl.conn.PoolingHttpClientConnectionManager - Connection [id: 0][route: {}->http://localhost:26602] can be kept alive indefinitely
2019-03-15 07:35:58,084 [Forwarding findElement on session ebf5bc0b43e1892a4cd7f8272da29841 to remote] DEBUG org.apache.http.impl.conn.PoolingHttpClientConnectionManager - Connection released: [id: 0][route: {}->http://localhost:26602][total kept alive: 1; route allocated: 1 of 2000; total allocated: 1 of 2000]
2019-03-15 07:35:58,125 [Forwarding sendKeysToElement on session ebf5bc0b43e1892a4cd7f8272da29841 to remote] DEBUG org.apache.http.client.protocol.RequestAddCookies - CookieSpec selected: default
2019-03-15 07:35:58,125 [Forwarding sendKeysToElement on session ebf5bc0b43e1892a4cd7f8272da29841 to remote] DEBUG org.apache.http.client.protocol.RequestAuthCache - Auth cache not set in the context
2019-03-15 07:35:58,125 [Forwarding sendKeysToElement on session ebf5bc0b43e1892a4cd7f8272da29841 to remote] DEBUG org.apache.http.impl.conn.PoolingHttpClientConnectionManager - Connection request: [route: {}->http://localhost:26602][total kept alive: 1; route allocated: 1 of 2000; total allocated: 1 of 2000]
2019-03-15 07:35:58,125 [Forwarding sendKeysToElement on session ebf5bc0b43e1892a4cd7f8272da29841 to remote] DEBUG org.apache.http.impl.conn.PoolingHttpClientConnectionManager - Connection leased: [id: 0][route: {}->http://localhost:26602][total kept alive: 0; route allocated: 1 of 2000; total allocated: 1 of 2000]
2019-03-15 07:35:58,125 [Forwarding sendKeysToElement on session ebf5bc0b43e1892a4cd7f8272da29841 to remote] DEBUG org.apache.http.impl.execchain.MainClientExec - Stale connection check
2019-03-15 07:35:58,127 [Forwarding sendKeysToElement on session ebf5bc0b43e1892a4cd7f8272da29841 to remote] DEBUG org.apache.http.wire - http-outgoing-0 << "[read] I/O error: Read timed out"
2019-03-15 07:35:58,127 [Forwarding sendKeysToElement on session ebf5bc0b43e1892a4cd7f8272da29841 to remote] DEBUG org.apache.http.impl.conn.DefaultManagedHttpClientConnection - http-outgoing-0: set socket timeout to 10800000
2019-03-15 07:35:58,127 [Forwarding sendKeysToElement on session ebf5bc0b43e1892a4cd7f8272da29841 to remote] DEBUG org.apache.http.impl.execchain.MainClientExec - Executing request POST /session/ebf5bc0b43e1892a4cd7f8272da29841/element/0.5773009465583292-1/value HTTP/1.1
2019-03-15 07:35:58,127 [Forwarding sendKeysToElement on session ebf5bc0b43e1892a4cd7f8272da29841 to remote] DEBUG org.apache.http.impl.execchain.MainClientExec - Target auth state: UNCHALLENGED
2019-03-15 07:35:58,128 [Forwarding sendKeysToElement on session ebf5bc0b43e1892a4cd7f8272da29841 to remote] DEBUG org.apache.http.impl.execchain.MainClientExec - Proxy auth state: UNCHALLENGED
2019-03-15 07:35:58,128 [Forwarding sendKeysToElement on session ebf5bc0b43e1892a4cd7f8272da29841 to remote] DEBUG org.apache.http.headers - http-outgoing-0 >> POST /session/ebf5bc0b43e1892a4cd7f8272da29841/element/0.5773009465583292-1/value HTTP/1.1
2019-03-15 07:35:58,128 [Forwarding sendKeysToElement on session ebf5bc0b43e1892a4cd7f8272da29841 to remote] DEBUG org.apache.http.headers - http-outgoing-0 >> Content-Type: application/json; charset=utf-8
2019-03-15 07:35:58,128 [Forwarding sendKeysToElement on session ebf5bc0b43e1892a4cd7f8272da29841 to remote] DEBUG org.apache.http.headers - http-outgoing-0 >> Content-Length: 51
2019-03-15 07:35:58,128 [Forwarding sendKeysToElement on session ebf5bc0b43e1892a4cd7f8272da29841 to remote] DEBUG org.apache.http.headers - http-outgoing-0 >> Host: localhost:26602
2019-03-15 07:35:58,128 [Forwarding sendKeysToElement on session ebf5bc0b43e1892a4cd7f8272da29841 to remote] DEBUG org.apache.http.headers - http-outgoing-0 >> Connection: Keep-Alive
2019-03-15 07:35:58,129 [Forwarding sendKeysToElement on session ebf5bc0b43e1892a4cd7f8272da29841 to remote] DEBUG org.apache.http.headers - http-outgoing-0 >> User-Agent: Apache-HttpClient/4.5.3 (Java/1.8.0_191)
2019-03-15 07:35:58,129 [Forwarding sendKeysToElement on session ebf5bc0b43e1892a4cd7f8272da29841 to remote] DEBUG org.apache.http.headers - http-outgoing-0 >> Accept-Encoding: gzip,deflate
2019-03-15 07:35:58,129 [Forwarding sendKeysToElement on session ebf5bc0b43e1892a4cd7f8272da29841 to remote] DEBUG org.apache.http.wire - http-outgoing-0 >> "POST /session/ebf5bc0b43e1892a4cd7f8272da29841/element/0.5773009465583292-1/value HTTP/1.1[\r][\n]"
2019-03-15 07:35:58,129 [Forwarding sendKeysToElement on session ebf5bc0b43e1892a4cd7f8272da29841 to remote] DEBUG org.apache.http.wire - http-outgoing-0 >> "Content-Type: application/json; charset=utf-8[\r][\n]"
2019-03-15 07:35:58,129 [Forwarding sendKeysToElement on session ebf5bc0b43e1892a4cd7f8272da29841 to remote] DEBUG org.apache.http.wire - http-outgoing-0 >> "Content-Length: 51[\r][\n]"
2019-03-15 07:35:58,129 [Forwarding sendKeysToElement on session ebf5bc0b43e1892a4cd7f8272da29841 to remote] DEBUG org.apache.http.wire - http-outgoing-0 >> "Host: localhost:26602[\r][\n]"
2019-03-15 07:35:58,129 [Forwarding sendKeysToElement on session ebf5bc0b43e1892a4cd7f8272da29841 to remote] DEBUG org.apache.http.wire - http-outgoing-0 >> "Connection: Keep-Alive[\r][\n]"
2019-03-15 07:35:58,129 [Forwarding sendKeysToElement on session ebf5bc0b43e1892a4cd7f8272da29841 to remote] DEBUG org.apache.http.wire - http-outgoing-0 >> "User-Agent: Apache-HttpClient/4.5.3 (Java/1.8.0_191)[\r][\n]"
2019-03-15 07:35:58,129 [Forwarding sendKeysToElement on session ebf5bc0b43e1892a4cd7f8272da29841 to remote] DEBUG org.apache.http.wire - http-outgoing-0 >> "Accept-Encoding: gzip,deflate[\r][\n]"
2019-03-15 07:35:58,129 [Forwarding sendKeysToElement on session ebf5bc0b43e1892a4cd7f8272da29841 to remote] DEBUG org.apache.http.wire - http-outgoing-0 >> "[\r][\n]"
2019-03-15 07:35:58,129 [Forwarding sendKeysToElement on session ebf5bc0b43e1892a4cd7f8272da29841 to remote] DEBUG org.apache.http.wire - http-outgoing-0 >> "{"id":"0.5773009465583292-1","value":["username1"]}"
2019-03-15 07:35:58,477 [Forwarding sendKeysToElement on session ebf5bc0b43e1892a4cd7f8272da29841 to remote] DEBUG org.apache.http.wire - http-outgoing-0 << "HTTP/1.1 200 OK[\r][\n]"
2019-03-15 07:35:58,477 [Forwarding sendKeysToElement on session ebf5bc0b43e1892a4cd7f8272da29841 to remote] DEBUG org.apache.http.wire - http-outgoing-0 << "Content-Length:72[\r][\n]"
2019-03-15 07:35:58,478 [Forwarding sendKeysToElement on session ebf5bc0b43e1892a4cd7f8272da29841 to remote] DEBUG org.apache.http.wire - http-outgoing-0 << "Content-Type:application/json; charset=utf-8[\r][\n]"
2019-03-15 07:35:58,478 [Forwarding sendKeysToElement on session ebf5bc0b43e1892a4cd7f8272da29841 to remote] DEBUG org.apache.http.wire - http-outgoing-0 << "[\r][\n]"
2019-03-15 07:35:58,478 [Forwarding sendKeysToElement on session ebf5bc0b43e1892a4cd7f8272da29841 to remote] DEBUG org.apache.http.wire - http-outgoing-0 << "{"sessionId":"ebf5bc0b43e1892a4cd7f8272da29841","status":0,"value":null}"
2019-03-15 07:35:58,478 [Forwarding sendKeysToElement on session ebf5bc0b43e1892a4cd7f8272da29841 to remote] DEBUG org.apache.http.headers - http-outgoing-0 << HTTP/1.1 200 OK
2019-03-15 07:35:58,478 [Forwarding sendKeysToElement on session ebf5bc0b43e1892a4cd7f8272da29841 to remote] DEBUG org.apache.http.headers - http-outgoing-0 << Content-Length:72
2019-03-15 07:35:58,478 [Forwarding sendKeysToElement on session ebf5bc0b43e1892a4cd7f8272da29841 to remote] DEBUG org.apache.http.headers - http-outgoing-0 << Content-Type:application/json; charset=utf-8
2019-03-15 07:35:58,480 [Forwarding sendKeysToElement on session ebf5bc0b43e1892a4cd7f8272da29841 to remote] DEBUG org.apache.http.impl.execchain.MainClientExec - Connection can be kept alive indefinitely
2019-03-15 07:35:58,480 [Forwarding sendKeysToElement on session ebf5bc0b43e1892a4cd7f8272da29841 to remote] DEBUG org.apache.http.impl.conn.PoolingHttpClientConnectionManager - Connection [id: 0][route: {}->http://localhost:26602] can be kept alive indefinitely
2019-03-15 07:35:58,481 [Forwarding sendKeysToElement on session ebf5bc0b43e1892a4cd7f8272da29841 to remote] DEBUG org.apache.http.impl.conn.PoolingHttpClientConnectionManager - Connection released: [id: 0][route: {}->http://localhost:26602][total kept alive: 1; route allocated: 1 of 2000; total allocated: 1 of 2000]
2019-03-15 07:35:58,485 [Forwarding findElement on session ebf5bc0b43e1892a4cd7f8272da29841 to remote] DEBUG org.apache.http.client.protocol.RequestAddCookies - CookieSpec selected: default
2019-03-15 07:35:58,485 [Forwarding findElement on session ebf5bc0b43e1892a4cd7f8272da29841 to remote] DEBUG org.apache.http.client.protocol.RequestAuthCache - Auth cache not set in the context
2019-03-15 07:35:58,485 [Forwarding findElement on session ebf5bc0b43e1892a4cd7f8272da29841 to remote] DEBUG org.apache.http.impl.conn.PoolingHttpClientConnectionManager - Connection request: [route: {}->http://localhost:26602][total kept alive: 1; route allocated: 1 of 2000; total allocated: 1 of 2000]
2019-03-15 07:35:58,485 [Forwarding findElement on session ebf5bc0b43e1892a4cd7f8272da29841 to remote] DEBUG org.apache.http.impl.conn.PoolingHttpClientConnectionManager - Connection leased: [id: 0][route: {}->http://localhost:26602][total kept alive: 0; route allocated: 1 of 2000; total allocated: 1 of 2000]
2019-03-15 07:35:58,485 [Forwarding findElement on session ebf5bc0b43e1892a4cd7f8272da29841 to remote] DEBUG org.apache.http.impl.execchain.MainClientExec - Stale connection check
2019-03-15 07:35:58,487 [Forwarding findElement on session ebf5bc0b43e1892a4cd7f8272da29841 to remote] DEBUG org.apache.http.wire - http-outgoing-0 << "[read] I/O error: Read timed out"
2019-03-15 07:35:58,487 [Forwarding findElement on session ebf5bc0b43e1892a4cd7f8272da29841 to remote] DEBUG org.apache.http.impl.conn.DefaultManagedHttpClientConnection - http-outgoing-0: set socket timeout to 10800000
2019-03-15 07:35:58,487 [Forwarding findElement on session ebf5bc0b43e1892a4cd7f8272da29841 to remote] DEBUG org.apache.http.impl.execchain.MainClientExec - Executing request POST /session/ebf5bc0b43e1892a4cd7f8272da29841/element HTTP/1.1
2019-03-15 07:35:58,487 [Forwarding findElement on session ebf5bc0b43e1892a4cd7f8272da29841 to remote] DEBUG org.apache.http.impl.execchain.MainClientExec - Target auth state: UNCHALLENGED
2019-03-15 07:35:58,487 [Forwarding findElement on session ebf5bc0b43e1892a4cd7f8272da29841 to remote] DEBUG org.apache.http.impl.execchain.MainClientExec - Proxy auth state: UNCHALLENGED
2019-03-15 07:35:58,487 [Forwarding findElement on session ebf5bc0b43e1892a4cd7f8272da29841 to remote] DEBUG org.apache.http.headers - http-outgoing-0 >> POST /session/ebf5bc0b43e1892a4cd7f8272da29841/element HTTP/1.1
2019-03-15 07:35:58,487 [Forwarding findElement on session ebf5bc0b43e1892a4cd7f8272da29841 to remote] DEBUG org.apache.http.headers - http-outgoing-0 >> Content-Type: application/json; charset=utf-8
2019-03-15 07:35:58,488 [Forwarding findElement on session ebf5bc0b43e1892a4cd7f8272da29841 to remote] DEBUG org.apache.http.headers - http-outgoing-0 >> Content-Length: 47
2019-03-15 07:35:58,488 [Forwarding findElement on session ebf5bc0b43e1892a4cd7f8272da29841 to remote] DEBUG org.apache.http.headers - http-outgoing-0 >> Host: localhost:26602
2019-03-15 07:35:58,488 [Forwarding findElement on session ebf5bc0b43e1892a4cd7f8272da29841 to remote] DEBUG org.apache.http.headers - http-outgoing-0 >> Connection: Keep-Alive
2019-03-15 07:35:58,488 [Forwarding findElement on session ebf5bc0b43e1892a4cd7f8272da29841 to remote] DEBUG org.apache.http.headers - http-outgoing-0 >> User-Agent: Apache-HttpClient/4.5.3 (Java/1.8.0_191)
2019-03-15 07:35:58,488 [Forwarding findElement on session ebf5bc0b43e1892a4cd7f8272da29841 to remote] DEBUG org.apache.http.headers - http-outgoing-0 >> Accept-Encoding: gzip,deflate
2019-03-15 07:35:58,488 [Forwarding findElement on session ebf5bc0b43e1892a4cd7f8272da29841 to remote] DEBUG org.apache.http.wire - http-outgoing-0 >> "POST /session/ebf5bc0b43e1892a4cd7f8272da29841/element HTTP/1.1[\r][\n]"
2019-03-15 07:35:58,488 [Forwarding findElement on session ebf5bc0b43e1892a4cd7f8272da29841 to remote] DEBUG org.apache.http.wire - http-outgoing-0 >> "Content-Type: application/json; charset=utf-8[\r][\n]"
2019-03-15 07:35:58,488 [Forwarding findElement on session ebf5bc0b43e1892a4cd7f8272da29841 to remote] DEBUG org.apache.http.wire - http-outgoing-0 >> "Content-Length: 47[\r][\n]"
2019-03-15 07:35:58,488 [Forwarding findElement on session ebf5bc0b43e1892a4cd7f8272da29841 to remote] DEBUG org.apache.http.wire - http-outgoing-0 >> "Host: localhost:26602[\r][\n]"
2019-03-15 07:35:58,488 [Forwarding findElement on session ebf5bc0b43e1892a4cd7f8272da29841 to remote] DEBUG org.apache.http.wire - http-outgoing-0 >> "Connection: Keep-Alive[\r][\n]"
2019-03-15 07:35:58,488 [Forwarding findElement on session ebf5bc0b43e1892a4cd7f8272da29841 to remote] DEBUG org.apache.http.wire - http-outgoing-0 >> "User-Agent: Apache-HttpClient/4.5.3 (Java/1.8.0_191)[\r][\n]"
2019-03-15 07:35:58,488 [Forwarding findElement on session ebf5bc0b43e1892a4cd7f8272da29841 to remote] DEBUG org.apache.http.wire - http-outgoing-0 >> "Accept-Encoding: gzip,deflate[\r][\n]"
2019-03-15 07:35:58,488 [Forwarding findElement on session ebf5bc0b43e1892a4cd7f8272da29841 to remote] DEBUG org.apache.http.wire - http-outgoing-0 >> "[\r][\n]"
2019-03-15 07:35:58,488 [Forwarding findElement on session ebf5bc0b43e1892a4cd7f8272da29841 to remote] DEBUG org.apache.http.wire - http-outgoing-0 >> "{"using":"xpath","value":"//*[@id='continue']"}"
2019-03-15 07:35:58,620 [Forwarding findElement on session ebf5bc0b43e1892a4cd7f8272da29841 to remote] DEBUG org.apache.http.wire - http-outgoing-0 << "HTTP/1.1 200 OK[\r][\n]"
2019-03-15 07:35:58,620 [Forwarding findElement on session ebf5bc0b43e1892a4cd7f8272da29841 to remote] DEBUG org.apache.http.wire - http-outgoing-0 << "Content-Length:102[\r][\n]"
2019-03-15 07:35:58,621 [Forwarding findElement on session ebf5bc0b43e1892a4cd7f8272da29841 to remote] DEBUG org.apache.http.wire - http-outgoing-0 << "Content-Type:application/json; charset=utf-8[\r][\n]"
2019-03-15 07:35:58,621 [Forwarding findElement on session ebf5bc0b43e1892a4cd7f8272da29841 to remote] DEBUG org.apache.http.wire - http-outgoing-0 << "[\r][\n]"
2019-03-15 07:35:58,621 [Forwarding findElement on session ebf5bc0b43e1892a4cd7f8272da29841 to remote] DEBUG org.apache.http.wire - http-outgoing-0 << "{"sessionId":"ebf5bc0b43e1892a4cd7f8272da29841","status":0,"value":{"ELEMENT":"0.5773009465583292-2"}}"
2019-03-15 07:35:58,621 [Forwarding findElement on session ebf5bc0b43e1892a4cd7f8272da29841 to remote] DEBUG org.apache.http.headers - http-outgoing-0 << HTTP/1.1 200 OK
2019-03-15 07:35:58,621 [Forwarding findElement on session ebf5bc0b43e1892a4cd7f8272da29841 to remote] DEBUG org.apache.http.headers - http-outgoing-0 << Content-Length:102
2019-03-15 07:35:58,622 [Forwarding findElement on session ebf5bc0b43e1892a4cd7f8272da29841 to remote] DEBUG org.apache.http.headers - http-outgoing-0 << Content-Type:application/json; charset=utf-8
2019-03-15 07:35:58,622 [Forwarding findElement on session ebf5bc0b43e1892a4cd7f8272da29841 to remote] DEBUG org.apache.http.impl.execchain.MainClientExec - Connection can be kept alive indefinitely
2019-03-15 07:35:58,623 [Forwarding findElement on session ebf5bc0b43e1892a4cd7f8272da29841 to remote] DEBUG org.apache.http.impl.conn.PoolingHttpClientConnectionManager - Connection [id: 0][route: {}->http://localhost:26602] can be kept alive indefinitely
2019-03-15 07:35:58,623 [Forwarding findElement on session ebf5bc0b43e1892a4cd7f8272da29841 to remote] DEBUG org.apache.http.impl.conn.PoolingHttpClientConnectionManager - Connection released: [id: 0][route: {}->http://localhost:26602][total kept alive: 1; route allocated: 1 of 2000; total allocated: 1 of 2000]
2019-03-15 07:35:58,626 [Forwarding clickElement on session ebf5bc0b43e1892a4cd7f8272da29841 to remote] DEBUG org.apache.http.client.protocol.RequestAddCookies - CookieSpec selected: default
2019-03-15 07:35:58,626 [Forwarding clickElement on session ebf5bc0b43e1892a4cd7f8272da29841 to remote] DEBUG org.apache.http.client.protocol.RequestAuthCache - Auth cache not set in the context
2019-03-15 07:35:58,626 [Forwarding clickElement on session ebf5bc0b43e1892a4cd7f8272da29841 to remote] DEBUG org.apache.http.impl.conn.PoolingHttpClientConnectionManager - Connection request: [route: {}->http://localhost:26602][total kept alive: 1; route allocated: 1 of 2000; total allocated: 1 of 2000]
2019-03-15 07:35:58,627 [Forwarding clickElement on session ebf5bc0b43e1892a4cd7f8272da29841 to remote] DEBUG org.apache.http.impl.conn.PoolingHttpClientConnectionManager - Connection leased: [id: 0][route: {}->http://localhost:26602][total kept alive: 0; route allocated: 1 of 2000; total allocated: 1 of 2000]
2019-03-15 07:35:58,627 [Forwarding clickElement on session ebf5bc0b43e1892a4cd7f8272da29841 to remote] DEBUG org.apache.http.impl.execchain.MainClientExec - Stale connection check
2019-03-15 07:35:58,628 [Forwarding clickElement on session ebf5bc0b43e1892a4cd7f8272da29841 to remote] DEBUG org.apache.http.wire - http-outgoing-0 << "[read] I/O error: Read timed out"
2019-03-15 07:35:58,628 [Forwarding clickElement on session ebf5bc0b43e1892a4cd7f8272da29841 to remote] DEBUG org.apache.http.impl.conn.DefaultManagedHttpClientConnection - http-outgoing-0: set socket timeout to 10800000
2019-03-15 07:35:58,628 [Forwarding clickElement on session ebf5bc0b43e1892a4cd7f8272da29841 to remote] DEBUG org.apache.http.impl.execchain.MainClientExec - Executing request POST /session/ebf5bc0b43e1892a4cd7f8272da29841/element/0.5773009465583292-2/click HTTP/1.1
2019-03-15 07:35:58,628 [Forwarding clickElement on session ebf5bc0b43e1892a4cd7f8272da29841 to remote] DEBUG org.apache.http.impl.execchain.MainClientExec - Target auth state: UNCHALLENGED
2019-03-15 07:35:58,628 [Forwarding clickElement on session ebf5bc0b43e1892a4cd7f8272da29841 to remote] DEBUG org.apache.http.impl.execchain.MainClientExec - Proxy auth state: UNCHALLENGED
2019-03-15 07:35:58,629 [Forwarding clickElement on session ebf5bc0b43e1892a4cd7f8272da29841 to remote] DEBUG org.apache.http.headers - http-outgoing-0 >> POST /session/ebf5bc0b43e1892a4cd7f8272da29841/element/0.5773009465583292-2/click HTTP/1.1
2019-03-15 07:35:58,629 [Forwarding clickElement on session ebf5bc0b43e1892a4cd7f8272da29841 to remote] DEBUG org.apache.http.headers - http-outgoing-0 >> Content-Type: application/json; charset=utf-8
2019-03-15 07:35:58,629 [Forwarding clickElement on session ebf5bc0b43e1892a4cd7f8272da29841 to remote] DEBUG org.apache.http.headers - http-outgoing-0 >> Content-Length: 29
2019-03-15 07:35:58,629 [Forwarding clickElement on session ebf5bc0b43e1892a4cd7f8272da29841 to remote] DEBUG org.apache.http.headers - http-outgoing-0 >> Host: localhost:26602
2019-03-15 07:35:58,629 [Forwarding clickElement on session ebf5bc0b43e1892a4cd7f8272da29841 to remote] DEBUG org.apache.http.headers - http-outgoing-0 >> Connection: Keep-Alive
2019-03-15 07:35:58,629 [Forwarding clickElement on session ebf5bc0b43e1892a4cd7f8272da29841 to remote] DEBUG org.apache.http.headers - http-outgoing-0 >> User-Agent: Apache-HttpClient/4.5.3 (Java/1.8.0_191)
2019-03-15 07:35:58,629 [Forwarding clickElement on session ebf5bc0b43e1892a4cd7f8272da29841 to remote] DEBUG org.apache.http.headers - http-outgoing-0 >> Accept-Encoding: gzip,deflate
2019-03-15 07:35:58,629 [Forwarding clickElement on session ebf5bc0b43e1892a4cd7f8272da29841 to remote] DEBUG org.apache.http.wire - http-outgoing-0 >> "POST /session/ebf5bc0b43e1892a4cd7f8272da29841/element/0.5773009465583292-2/click HTTP/1.1[\r][\n]"
2019-03-15 07:35:58,629 [Forwarding clickElement on session ebf5bc0b43e1892a4cd7f8272da29841 to remote] DEBUG org.apache.http.wire - http-outgoing-0 >> "Content-Type: application/json; charset=utf-8[\r][\n]"
2019-03-15 07:35:58,629 [Forwarding clickElement on session ebf5bc0b43e1892a4cd7f8272da29841 to remote] DEBUG org.apache.http.wire - http-outgoing-0 >> "Content-Length: 29[\r][\n]"
2019-03-15 07:35:58,629 [Forwarding clickElement on session ebf5bc0b43e1892a4cd7f8272da29841 to remote] DEBUG org.apache.http.wire - http-outgoing-0 >> "Host: localhost:26602[\r][\n]"
2019-03-15 07:35:58,629 [Forwarding clickElement on session ebf5bc0b43e1892a4cd7f8272da29841 to remote] DEBUG org.apache.http.wire - http-outgoing-0 >> "Connection: Keep-Alive[\r][\n]"
2019-03-15 07:35:58,630 [Forwarding clickElement on session ebf5bc0b43e1892a4cd7f8272da29841 to remote] DEBUG org.apache.http.wire - http-outgoing-0 >> "User-Agent: Apache-HttpClient/4.5.3 (Java/1.8.0_191)[\r][\n]"
2019-03-15 07:35:58,630 [Forwarding clickElement on session ebf5bc0b43e1892a4cd7f8272da29841 to remote] DEBUG org.apache.http.wire - http-outgoing-0 >> "Accept-Encoding: gzip,deflate[\r][\n]"
2019-03-15 07:35:58,630 [Forwarding clickElement on session ebf5bc0b43e1892a4cd7f8272da29841 to remote] DEBUG org.apache.http.wire - http-outgoing-0 >> "[\r][\n]"
2019-03-15 07:35:58,630 [Forwarding clickElement on session ebf5bc0b43e1892a4cd7f8272da29841 to remote] DEBUG org.apache.http.wire - http-outgoing-0 >> "{"id":"0.5773009465583292-2"}"
2019-03-15 07:36:00,709 [Forwarding clickElement on session ebf5bc0b43e1892a4cd7f8272da29841 to remote] DEBUG org.apache.http.wire - http-outgoing-0 << "HTTP/1.1 200 OK[\r][\n]"
2019-03-15 07:36:00,709 [Forwarding clickElement on session ebf5bc0b43e1892a4cd7f8272da29841 to remote] DEBUG org.apache.http.wire - http-outgoing-0 << "Content-Length:72[\r][\n]"
2019-03-15 07:36:00,710 [Forwarding clickElement on session ebf5bc0b43e1892a4cd7f8272da29841 to remote] DEBUG org.apache.http.wire - http-outgoing-0 << "Content-Type:application/json; charset=utf-8[\r][\n]"
2019-03-15 07:36:00,710 [Forwarding clickElement on session ebf5bc0b43e1892a4cd7f8272da29841 to remote] DEBUG org.apache.http.wire - http-outgoing-0 << "[\r][\n]"
2019-03-15 07:36:00,710 [Forwarding clickElement on session ebf5bc0b43e1892a4cd7f8272da29841 to remote] DEBUG org.apache.http.wire - http-outgoing-0 << "{"sessionId":"ebf5bc0b43e1892a4cd7f8272da29841","status":0,"value":null}"
2019-03-15 07:36:00,710 [Forwarding clickElement on session ebf5bc0b43e1892a4cd7f8272da29841 to remote] DEBUG org.apache.http.headers - http-outgoing-0 << HTTP/1.1 200 OK
2019-03-15 07:36:00,713 [Forwarding clickElement on session ebf5bc0b43e1892a4cd7f8272da29841 to remote] DEBUG org.apache.http.headers - http-outgoing-0 << Content-Length:72
2019-03-15 07:36:00,716 [Forwarding clickElement on session ebf5bc0b43e1892a4cd7f8272da29841 to remote] DEBUG org.apache.http.headers - http-outgoing-0 << Content-Type:application/json; charset=utf-8
2019-03-15 07:36:00,723 [Forwarding clickElement on session ebf5bc0b43e1892a4cd7f8272da29841 to remote] DEBUG org.apache.http.impl.execchain.MainClientExec - Connection can be kept alive indefinitely
2019-03-15 07:36:00,723 [Forwarding clickElement on session ebf5bc0b43e1892a4cd7f8272da29841 to remote] DEBUG org.apache.http.impl.conn.PoolingHttpClientConnectionManager - Connection [id: 0][route: {}->http://localhost:26602] can be kept alive indefinitely
2019-03-15 07:36:00,724 [Forwarding clickElement on session ebf5bc0b43e1892a4cd7f8272da29841 to remote] DEBUG org.apache.http.impl.conn.PoolingHttpClientConnectionManager - Connection released: [id: 0][route: {}->http://localhost:26602][total kept alive: 1; route allocated: 1 of 2000; total allocated: 1 of 2000]
2019-03-15 07:36:00,746 [Forwarding findElement on session ebf5bc0b43e1892a4cd7f8272da29841 to remote] DEBUG org.apache.http.client.protocol.RequestAddCookies - CookieSpec selected: default
2019-03-15 07:36:00,746 [Forwarding findElement on session ebf5bc0b43e1892a4cd7f8272da29841 to remote] DEBUG org.apache.http.client.protocol.RequestAuthCache - Auth cache not set in the context
2019-03-15 07:36:00,746 [Forwarding findElement on session ebf5bc0b43e1892a4cd7f8272da29841 to remote] DEBUG org.apache.http.impl.conn.PoolingHttpClientConnectionManager - Connection request: [route: {}->http://localhost:26602][total kept alive: 1; route allocated: 1 of 2000; total allocated: 1 of 2000]
2019-03-15 07:36:00,746 [Forwarding findElement on session ebf5bc0b43e1892a4cd7f8272da29841 to remote] DEBUG org.apache.http.impl.conn.PoolingHttpClientConnectionManager - Connection leased: [id: 0][route: {}->http://localhost:26602][total kept alive: 0; route allocated: 1 of 2000; total allocated: 1 of 2000]
2019-03-15 07:36:00,746 [Forwarding findElement on session ebf5bc0b43e1892a4cd7f8272da29841 to remote] DEBUG org.apache.http.impl.execchain.MainClientExec - Stale connection check
2019-03-15 07:36:00,747 [Forwarding findElement on session ebf5bc0b43e1892a4cd7f8272da29841 to remote] DEBUG org.apache.http.wire - http-outgoing-0 << "[read] I/O error: Read timed out"
2019-03-15 07:36:00,747 [Forwarding findElement on session ebf5bc0b43e1892a4cd7f8272da29841 to remote] DEBUG org.apache.http.impl.conn.DefaultManagedHttpClientConnection - http-outgoing-0: set socket timeout to 10800000
2019-03-15 07:36:00,747 [Forwarding findElement on session ebf5bc0b43e1892a4cd7f8272da29841 to remote] DEBUG org.apache.http.impl.execchain.MainClientExec - Executing request POST /session/ebf5bc0b43e1892a4cd7f8272da29841/element HTTP/1.1
2019-03-15 07:36:00,747 [Forwarding findElement on session ebf5bc0b43e1892a4cd7f8272da29841 to remote] DEBUG org.apache.http.impl.execchain.MainClientExec - Target auth state: UNCHALLENGED
2019-03-15 07:36:00,747 [Forwarding findElement on session ebf5bc0b43e1892a4cd7f8272da29841 to remote] DEBUG org.apache.http.impl.execchain.MainClientExec - Proxy auth state: UNCHALLENGED
2019-03-15 07:36:00,747 [Forwarding findElement on session ebf5bc0b43e1892a4cd7f8272da29841 to remote] DEBUG org.apache.http.headers - http-outgoing-0 >> POST /session/ebf5bc0b43e1892a4cd7f8272da29841/element HTTP/1.1
2019-03-15 07:36:00,747 [Forwarding findElement on session ebf5bc0b43e1892a4cd7f8272da29841 to remote] DEBUG org.apache.http.headers - http-outgoing-0 >> Content-Type: application/json; charset=utf-8
2019-03-15 07:36:00,747 [Forwarding findElement on session ebf5bc0b43e1892a4cd7f8272da29841 to remote] DEBUG org.apache.http.headers - http-outgoing-0 >> Content-Length: 49
2019-03-15 07:36:00,748 [Forwarding findElement on session ebf5bc0b43e1892a4cd7f8272da29841 to remote] DEBUG org.apache.http.headers - http-outgoing-0 >> Host: localhost:26602
2019-03-15 07:36:00,748 [Forwarding findElement on session ebf5bc0b43e1892a4cd7f8272da29841 to remote] DEBUG org.apache.http.headers - http-outgoing-0 >> Connection: Keep-Alive
2019-03-15 07:36:00,748 [Forwarding findElement on session ebf5bc0b43e1892a4cd7f8272da29841 to remote] DEBUG org.apache.http.headers - http-outgoing-0 >> User-Agent: Apache-HttpClient/4.5.3 (Java/1.8.0_191)
2019-03-15 07:36:00,748 [Forwarding findElement on session ebf5bc0b43e1892a4cd7f8272da29841 to remote] DEBUG org.apache.http.headers - http-outgoing-0 >> Accept-Encoding: gzip,deflate
2019-03-15 07:36:00,748 [Forwarding findElement on session ebf5bc0b43e1892a4cd7f8272da29841 to remote] DEBUG org.apache.http.wire - http-outgoing-0 >> "POST /session/ebf5bc0b43e1892a4cd7f8272da29841/element HTTP/1.1[\r][\n]"
2019-03-15 07:36:00,748 [Forwarding findElement on session ebf5bc0b43e1892a4cd7f8272da29841 to remote] DEBUG org.apache.http.wire - http-outgoing-0 >> "Content-Type: application/json; charset=utf-8[\r][\n]"
2019-03-15 07:36:00,765 [Forwarding findElement on session ebf5bc0b43e1892a4cd7f8272da29841 to remote] DEBUG org.apache.http.wire - http-outgoing-0 >> "Content-Length: 49[\r][\n]"
2019-03-15 07:36:00,765 [Forwarding findElement on session ebf5bc0b43e1892a4cd7f8272da29841 to remote] DEBUG org.apache.http.wire - http-outgoing-0 >> "Host: localhost:26602[\r][\n]"
2019-03-15 07:36:00,765 [Forwarding findElement on session ebf5bc0b43e1892a4cd7f8272da29841 to remote] DEBUG org.apache.http.wire - http-outgoing-0 >> "Connection: Keep-Alive[\r][\n]"
2019-03-15 07:36:00,766 [Forwarding findElement on session ebf5bc0b43e1892a4cd7f8272da29841 to remote] DEBUG org.apache.http.wire - http-outgoing-0 >> "User-Agent: Apache-HttpClient/4.5.3 (Java/1.8.0_191)[\r][\n]"
2019-03-15 07:36:00,766 [Forwarding findElement on session ebf5bc0b43e1892a4cd7f8272da29841 to remote] DEBUG org.apache.http.wire - http-outgoing-0 >> "Accept-Encoding: gzip,deflate[\r][\n]"
2019-03-15 07:36:00,766 [Forwarding findElement on session ebf5bc0b43e1892a4cd7f8272da29841 to remote] DEBUG org.apache.http.wire - http-outgoing-0 >> "[\r][\n]"
2019-03-15 07:36:00,766 [Forwarding findElement on session ebf5bc0b43e1892a4cd7f8272da29841 to remote] DEBUG org.apache.http.wire - http-outgoing-0 >> "{"using":"xpath","value":"//*[@name='password']"}"
2019-03-15 07:36:00,852 [Forwarding findElement on session ebf5bc0b43e1892a4cd7f8272da29841 to remote] DEBUG org.apache.http.wire - http-outgoing-0 << "HTTP/1.1 200 OK[\r][\n]"
2019-03-15 07:36:00,852 [Forwarding findElement on session ebf5bc0b43e1892a4cd7f8272da29841 to remote] DEBUG org.apache.http.wire - http-outgoing-0 << "Content-Length:102[\r][\n]"
2019-03-15 07:36:00,852 [Forwarding findElement on session ebf5bc0b43e1892a4cd7f8272da29841 to remote] DEBUG org.apache.http.wire - http-outgoing-0 << "Content-Type:application/json; charset=utf-8[\r][\n]"
2019-03-15 07:36:00,852 [Forwarding findElement on session ebf5bc0b43e1892a4cd7f8272da29841 to remote] DEBUG org.apache.http.wire - http-outgoing-0 << "[\r][\n]"
2019-03-15 07:36:00,853 [Forwarding findElement on session ebf5bc0b43e1892a4cd7f8272da29841 to remote] DEBUG org.apache.http.wire - http-outgoing-0 << "{"sessionId":"ebf5bc0b43e1892a4cd7f8272da29841","status":0,"value":{"ELEMENT":"0.5793661813061162-1"}}"
2019-03-15 07:36:00,853 [Forwarding findElement on session ebf5bc0b43e1892a4cd7f8272da29841 to remote] DEBUG org.apache.http.headers - http-outgoing-0 << HTTP/1.1 200 OK
2019-03-15 07:36:00,853 [Forwarding findElement on session ebf5bc0b43e1892a4cd7f8272da29841 to remote] DEBUG org.apache.http.headers - http-outgoing-0 << Content-Length:102
2019-03-15 07:36:00,853 [Forwarding findElement on session ebf5bc0b43e1892a4cd7f8272da29841 to remote] DEBUG org.apache.http.headers - http-outgoing-0 << Content-Type:application/json; charset=utf-8
2019-03-15 07:36:00,853 [Forwarding findElement on session ebf5bc0b43e1892a4cd7f8272da29841 to remote] DEBUG org.apache.http.impl.execchain.MainClientExec - Connection can be kept alive indefinitely
2019-03-15 07:36:00,853 [Forwarding findElement on session ebf5bc0b43e1892a4cd7f8272da29841 to remote] DEBUG org.apache.http.impl.conn.PoolingHttpClientConnectionManager - Connection [id: 0][route: {}->http://localhost:26602] can be kept alive indefinitely
2019-03-15 07:36:00,853 [Forwarding findElement on session ebf5bc0b43e1892a4cd7f8272da29841 to remote] DEBUG org.apache.http.impl.conn.PoolingHttpClientConnectionManager - Connection released: [id: 0][route: {}->http://localhost:26602][total kept alive: 1; route allocated: 1 of 2000; total allocated: 1 of 2000]
2019-03-15 07:36:00,858 [Forwarding isElementDisplayed on session ebf5bc0b43e1892a4cd7f8272da29841 to remote] DEBUG org.apache.http.client.protocol.RequestAddCookies - CookieSpec selected: default
2019-03-15 07:36:00,858 [Forwarding isElementDisplayed on session ebf5bc0b43e1892a4cd7f8272da29841 to remote] DEBUG org.apache.http.client.protocol.RequestAuthCache - Auth cache not set in the context
2019-03-15 07:36:00,858 [Forwarding isElementDisplayed on session ebf5bc0b43e1892a4cd7f8272da29841 to remote] DEBUG org.apache.http.impl.conn.PoolingHttpClientConnectionManager - Connection request: [route: {}->http://localhost:26602][total kept alive: 1; route allocated: 1 of 2000; total allocated: 1 of 2000]
2019-03-15 07:36:00,859 [Forwarding isElementDisplayed on session ebf5bc0b43e1892a4cd7f8272da29841 to remote] DEBUG org.apache.http.impl.conn.PoolingHttpClientConnectionManager - Connection leased: [id: 0][route: {}->http://localhost:26602][total kept alive: 0; route allocated: 1 of 2000; total allocated: 1 of 2000]
2019-03-15 07:36:00,859 [Forwarding isElementDisplayed on session ebf5bc0b43e1892a4cd7f8272da29841 to remote] DEBUG org.apache.http.impl.execchain.MainClientExec - Stale connection check
2019-03-15 07:36:00,861 [Forwarding isElementDisplayed on session ebf5bc0b43e1892a4cd7f8272da29841 to remote] DEBUG org.apache.http.wire - http-outgoing-0 << "[read] I/O error: Read timed out"
2019-03-15 07:36:00,861 [Forwarding isElementDisplayed on session ebf5bc0b43e1892a4cd7f8272da29841 to remote] DEBUG org.apache.http.impl.conn.DefaultManagedHttpClientConnection - http-outgoing-0: set socket timeout to 10800000
2019-03-15 07:36:00,861 [Forwarding isElementDisplayed on session ebf5bc0b43e1892a4cd7f8272da29841 to remote] DEBUG org.apache.http.impl.execchain.MainClientExec - Executing request GET /session/ebf5bc0b43e1892a4cd7f8272da29841/element/0.5793661813061162-1/displayed HTTP/1.1
2019-03-15 07:36:00,861 [Forwarding isElementDisplayed on session ebf5bc0b43e1892a4cd7f8272da29841 to remote] DEBUG org.apache.http.impl.execchain.MainClientExec - Target auth state: UNCHALLENGED
2019-03-15 07:36:00,861 [Forwarding isElementDisplayed on session ebf5bc0b43e1892a4cd7f8272da29841 to remote] DEBUG org.apache.http.impl.execchain.MainClientExec - Proxy auth state: UNCHALLENGED
2019-03-15 07:36:00,861 [Forwarding isElementDisplayed on session ebf5bc0b43e1892a4cd7f8272da29841 to remote] DEBUG org.apache.http.headers - http-outgoing-0 >> GET /session/ebf5bc0b43e1892a4cd7f8272da29841/element/0.5793661813061162-1/displayed HTTP/1.1
2019-03-15 07:36:00,861 [Forwarding isElementDisplayed on session ebf5bc0b43e1892a4cd7f8272da29841 to remote] DEBUG org.apache.http.headers - http-outgoing-0 >> Cache-Control: no-cache
2019-03-15 07:36:00,861 [Forwarding isElementDisplayed on session ebf5bc0b43e1892a4cd7f8272da29841 to remote] DEBUG org.apache.http.headers - http-outgoing-0 >> Host: localhost:26602
2019-03-15 07:36:00,861 [Forwarding isElementDisplayed on session ebf5bc0b43e1892a4cd7f8272da29841 to remote] DEBUG org.apache.http.headers - http-outgoing-0 >> Connection: Keep-Alive
2019-03-15 07:36:00,862 [Forwarding isElementDisplayed on session ebf5bc0b43e1892a4cd7f8272da29841 to remote] DEBUG org.apache.http.headers - http-outgoing-0 >> User-Agent: Apache-HttpClient/4.5.3 (Java/1.8.0_191)
2019-03-15 07:36:00,862 [Forwarding isElementDisplayed on session ebf5bc0b43e1892a4cd7f8272da29841 to remote] DEBUG org.apache.http.headers - http-outgoing-0 >> Accept-Encoding: gzip,deflate
2019-03-15 07:36:00,862 [Forwarding isElementDisplayed on session ebf5bc0b43e1892a4cd7f8272da29841 to remote] DEBUG org.apache.http.wire - http-outgoing-0 >> "GET /session/ebf5bc0b43e1892a4cd7f8272da29841/element/0.5793661813061162-1/displayed HTTP/1.1[\r][\n]"
2019-03-15 07:36:00,862 [Forwarding isElementDisplayed on session ebf5bc0b43e1892a4cd7f8272da29841 to remote] DEBUG org.apache.http.wire - http-outgoing-0 >> "Cache-Control: no-cache[\r][\n]"
2019-03-15 07:36:00,862 [Forwarding isElementDisplayed on session ebf5bc0b43e1892a4cd7f8272da29841 to remote] DEBUG org.apache.http.wire - http-outgoing-0 >> "Host: localhost:26602[\r][\n]"
2019-03-15 07:36:00,862 [Forwarding isElementDisplayed on session ebf5bc0b43e1892a4cd7f8272da29841 to remote] DEBUG org.apache.http.wire - http-outgoing-0 >> "Connection: Keep-Alive[\r][\n]"
2019-03-15 07:36:00,862 [Forwarding isElementDisplayed on session ebf5bc0b43e1892a4cd7f8272da29841 to remote] DEBUG org.apache.http.wire - http-outgoing-0 >> "User-Agent: Apache-HttpClient/4.5.3 (Java/1.8.0_191)[\r][\n]"
2019-03-15 07:36:00,862 [Forwarding isElementDisplayed on session ebf5bc0b43e1892a4cd7f8272da29841 to remote] DEBUG org.apache.http.wire - http-outgoing-0 >> "Accept-Encoding: gzip,deflate[\r][\n]"
2019-03-15 07:36:00,862 [Forwarding isElementDisplayed on session ebf5bc0b43e1892a4cd7f8272da29841 to remote] DEBUG org.apache.http.wire - http-outgoing-0 >> "[\r][\n]"
2019-03-15 07:36:00,919 [Forwarding isElementDisplayed on session ebf5bc0b43e1892a4cd7f8272da29841 to remote] DEBUG org.apache.http.wire - http-outgoing-0 << "HTTP/1.1 200 OK[\r][\n]"
2019-03-15 07:36:00,919 [Forwarding isElementDisplayed on session ebf5bc0b43e1892a4cd7f8272da29841 to remote] DEBUG org.apache.http.wire - http-outgoing-0 << "Content-Length:73[\r][\n]"
2019-03-15 07:36:00,919 [Forwarding isElementDisplayed on session ebf5bc0b43e1892a4cd7f8272da29841 to remote] DEBUG org.apache.http.wire - http-outgoing-0 << "Content-Type:application/json; charset=utf-8[\r][\n]"
2019-03-15 07:36:00,919 [Forwarding isElementDisplayed on session ebf5bc0b43e1892a4cd7f8272da29841 to remote] DEBUG org.apache.http.wire - http-outgoing-0 << "[\r][\n]"
2019-03-15 07:36:00,919 [Forwarding isElementDisplayed on session ebf5bc0b43e1892a4cd7f8272da29841 to remote] DEBUG org.apache.http.wire - http-outgoing-0 << "{"sessionId":"ebf5bc0b43e1892a4cd7f8272da29841","status":0,"value":false}"
2019-03-15 07:36:00,919 [Forwarding isElementDisplayed on session ebf5bc0b43e1892a4cd7f8272da29841 to remote] DEBUG org.apache.http.headers - http-outgoing-0 << HTTP/1.1 200 OK
2019-03-15 07:36:00,919 [Forwarding isElementDisplayed on session ebf5bc0b43e1892a4cd7f8272da29841 to remote] DEBUG org.apache.http.headers - http-outgoing-0 << Content-Length:73
2019-03-15 07:36:00,919 [Forwarding isElementDisplayed on session ebf5bc0b43e1892a4cd7f8272da29841 to remote] DEBUG org.apache.http.headers - http-outgoing-0 << Content-Type:application/json; charset=utf-8
2019-03-15 07:36:00,919 [Forwarding isElementDisplayed on session ebf5bc0b43e1892a4cd7f8272da29841 to remote] DEBUG org.apache.http.impl.execchain.MainClientExec - Connection can be kept alive indefinitely
2019-03-15 07:36:00,920 [Forwarding isElementDisplayed on session ebf5bc0b43e1892a4cd7f8272da29841 to remote] DEBUG org.apache.http.impl.conn.PoolingHttpClientConnectionManager - Connection [id: 0][route: {}->http://localhost:26602] can be kept alive indefinitely
2019-03-15 07:36:00,920 [Forwarding isElementDisplayed on session ebf5bc0b43e1892a4cd7f8272da29841 to remote] DEBUG org.apache.http.impl.conn.PoolingHttpClientConnectionManager - Connection released: [id: 0][route: {}->http://localhost:26602][total kept alive: 1; route allocated: 1 of 2000; total allocated: 1 of 2000]
2019-03-15 07:36:01,423 [Forwarding findElement on session ebf5bc0b43e1892a4cd7f8272da29841 to remote] DEBUG org.apache.http.client.protocol.RequestAddCookies - CookieSpec selected: default
2019-03-15 07:36:01,423 [Forwarding findElement on session ebf5bc0b43e1892a4cd7f8272da29841 to remote] DEBUG org.apache.http.client.protocol.RequestAuthCache - Auth cache not set in the context
2019-03-15 07:36:01,423 [Forwarding findElement on session ebf5bc0b43e1892a4cd7f8272da29841 to remote] DEBUG org.apache.http.impl.conn.PoolingHttpClientConnectionManager - Connection request: [route: {}->http://localhost:26602][total kept alive: 1; route allocated: 1 of 2000; total allocated: 1 of 2000]
2019-03-15 07:36:01,424 [Forwarding findElement on session ebf5bc0b43e1892a4cd7f8272da29841 to remote] DEBUG org.apache.http.impl.conn.PoolingHttpClientConnectionManager - Connection leased: [id: 0][route: {}->http://localhost:26602][total kept alive: 0; route allocated: 1 of 2000; total allocated: 1 of 2000]
2019-03-15 07:36:01,424 [Forwarding findElement on session ebf5bc0b43e1892a4cd7f8272da29841 to remote] DEBUG org.apache.http.impl.execchain.MainClientExec - Stale connection check
2019-03-15 07:36:01,425 [Forwarding findElement on session ebf5bc0b43e1892a4cd7f8272da29841 to remote] DEBUG org.apache.http.wire - http-outgoing-0 << "[read] I/O error: Read timed out"
2019-03-15 07:36:01,425 [Forwarding findElement on session ebf5bc0b43e1892a4cd7f8272da29841 to remote] DEBUG org.apache.http.impl.conn.DefaultManagedHttpClientConnection - http-outgoing-0: set socket timeout to 10800000
2019-03-15 07:36:01,425 [Forwarding findElement on session ebf5bc0b43e1892a4cd7f8272da29841 to remote] DEBUG org.apache.http.impl.execchain.MainClientExec - Executing request POST /session/ebf5bc0b43e1892a4cd7f8272da29841/element HTTP/1.1
2019-03-15 07:36:01,425 [Forwarding findElement on session ebf5bc0b43e1892a4cd7f8272da29841 to remote] DEBUG org.apache.http.impl.execchain.MainClientExec - Target auth state: UNCHALLENGED
2019-03-15 07:36:01,425 [Forwarding findElement on session ebf5bc0b43e1892a4cd7f8272da29841 to remote] DEBUG org.apache.http.impl.execchain.MainClientExec - Proxy auth state: UNCHALLENGED
2019-03-15 07:36:01,425 [Forwarding findElement on session ebf5bc0b43e1892a4cd7f8272da29841 to remote] DEBUG org.apache.http.headers - http-outgoing-0 >> POST /session/ebf5bc0b43e1892a4cd7f8272da29841/element HTTP/1.1
2019-03-15 07:36:01,425 [Forwarding findElement on session ebf5bc0b43e1892a4cd7f8272da29841 to remote] DEBUG org.apache.http.headers - http-outgoing-0 >> Content-Type: application/json; charset=utf-8
2019-03-15 07:36:01,425 [Forwarding findElement on session ebf5bc0b43e1892a4cd7f8272da29841 to remote] DEBUG org.apache.http.headers - http-outgoing-0 >> Content-Length: 49
2019-03-15 07:36:01,425 [Forwarding findElement on session ebf5bc0b43e1892a4cd7f8272da29841 to remote] DEBUG org.apache.http.headers - http-outgoing-0 >> Host: localhost:26602
2019-03-15 07:36:01,425 [Forwarding findElement on session ebf5bc0b43e1892a4cd7f8272da29841 to remote] DEBUG org.apache.http.headers - http-outgoing-0 >> Connection: Keep-Alive
2019-03-15 07:36:01,426 [Forwarding findElement on session ebf5bc0b43e1892a4cd7f8272da29841 to remote] DEBUG org.apache.http.headers - http-outgoing-0 >> User-Agent: Apache-HttpClient/4.5.3 (Java/1.8.0_191)
2019-03-15 07:36:01,426 [Forwarding findElement on session ebf5bc0b43e1892a4cd7f8272da29841 to remote] DEBUG org.apache.http.headers - http-outgoing-0 >> Accept-Encoding: gzip,deflate
2019-03-15 07:36:01,426 [Forwarding findElement on session ebf5bc0b43e1892a4cd7f8272da29841 to remote] DEBUG org.apache.http.wire - http-outgoing-0 >> "POST /session/ebf5bc0b43e1892a4cd7f8272da29841/element HTTP/1.1[\r][\n]"
2019-03-15 07:36:01,426 [Forwarding findElement on session ebf5bc0b43e1892a4cd7f8272da29841 to remote] DEBUG org.apache.http.wire - http-outgoing-0 >> "Content-Type: application/json; charset=utf-8[\r][\n]"
2019-03-15 07:36:01,426 [Forwarding findElement on session ebf5bc0b43e1892a4cd7f8272da29841 to remote] DEBUG org.apache.http.wire - http-outgoing-0 >> "Content-Length: 49[\r][\n]"
2019-03-15 07:36:01,426 [Forwarding findElement on session ebf5bc0b43e1892a4cd7f8272da29841 to remote] DEBUG org.apache.http.wire - http-outgoing-0 >> "Host: localhost:26602[\r][\n]"
2019-03-15 07:36:01,426 [Forwarding findElement on session ebf5bc0b43e1892a4cd7f8272da29841 to remote] DEBUG org.apache.http.wire - http-outgoing-0 >> "Connection: Keep-Alive[\r][\n]"
2019-03-15 07:36:01,426 [Forwarding findElement on session ebf5bc0b43e1892a4cd7f8272da29841 to remote] DEBUG org.apache.http.wire - http-outgoing-0 >> "User-Agent: Apache-HttpClient/4.5.3 (Java/1.8.0_191)[\r][\n]"
2019-03-15 07:36:01,426 [Forwarding findElement on session ebf5bc0b43e1892a4cd7f8272da29841 to remote] DEBUG org.apache.http.wire - http-outgoing-0 >> "Accept-Encoding: gzip,deflate[\r][\n]"
2019-03-15 07:36:01,426 [Forwarding findElement on session ebf5bc0b43e1892a4cd7f8272da29841 to remote] DEBUG org.apache.http.wire - http-outgoing-0 >> "[\r][\n]"
2019-03-15 07:36:01,426 [Forwarding findElement on session ebf5bc0b43e1892a4cd7f8272da29841 to remote] DEBUG org.apache.http.wire - http-outgoing-0 >> "{"using":"xpath","value":"//*[@name='password']"}"
2019-03-15 07:36:01,445 [Forwarding findElement on session ebf5bc0b43e1892a4cd7f8272da29841 to remote] DEBUG org.apache.http.wire - http-outgoing-0 << "HTTP/1.1 200 OK[\r][\n]"
2019-03-15 07:36:01,445 [Forwarding findElement on session ebf5bc0b43e1892a4cd7f8272da29841 to remote] DEBUG org.apache.http.wire - http-outgoing-0 << "Content-Length:102[\r][\n]"
2019-03-15 07:36:01,446 [Forwarding findElement on session ebf5bc0b43e1892a4cd7f8272da29841 to remote] DEBUG org.apache.http.wire - http-outgoing-0 << "Content-Type:application/json; charset=utf-8[\r][\n]"
2019-03-15 07:36:01,446 [Forwarding findElement on session ebf5bc0b43e1892a4cd7f8272da29841 to remote] DEBUG org.apache.http.wire - http-outgoing-0 << "[\r][\n]"
2019-03-15 07:36:01,446 [Forwarding findElement on session ebf5bc0b43e1892a4cd7f8272da29841 to remote] DEBUG org.apache.http.wire - http-outgoing-0 << "{"sessionId":"ebf5bc0b43e1892a4cd7f8272da29841","status":0,"value":{"ELEMENT":"0.5793661813061162-1"}}"
2019-03-15 07:36:01,446 [Forwarding findElement on session ebf5bc0b43e1892a4cd7f8272da29841 to remote] DEBUG org.apache.http.headers - http-outgoing-0 << HTTP/1.1 200 OK
2019-03-15 07:36:01,446 [Forwarding findElement on session ebf5bc0b43e1892a4cd7f8272da29841 to remote] DEBUG org.apache.http.headers - http-outgoing-0 << Content-Length:102
2019-03-15 07:36:01,446 [Forwarding findElement on session ebf5bc0b43e1892a4cd7f8272da29841 to remote] DEBUG org.apache.http.headers - http-outgoing-0 << Content-Type:application/json; charset=utf-8
2019-03-15 07:36:01,446 [Forwarding findElement on session ebf5bc0b43e1892a4cd7f8272da29841 to remote] DEBUG org.apache.http.impl.execchain.MainClientExec - Connection can be kept alive indefinitely
2019-03-15 07:36:01,446 [Forwarding findElement on session ebf5bc0b43e1892a4cd7f8272da29841 to remote] DEBUG org.apache.http.impl.conn.PoolingHttpClientConnectionManager - Connection [id: 0][route: {}->http://localhost:26602] can be kept alive indefinitely
2019-03-15 07:36:01,447 [Forwarding findElement on session ebf5bc0b43e1892a4cd7f8272da29841 to remote] DEBUG org.apache.http.impl.conn.PoolingHttpClientConnectionManager - Connection released: [id: 0][route: {}->http://localhost:26602][total kept alive: 1; route allocated: 1 of 2000; total allocated: 1 of 2000]
2019-03-15 07:36:01,452 [Forwarding isElementDisplayed on session ebf5bc0b43e1892a4cd7f8272da29841 to remote] DEBUG org.apache.http.client.protocol.RequestAddCookies - CookieSpec selected: default
2019-03-15 07:36:01,452 [Forwarding isElementDisplayed on session ebf5bc0b43e1892a4cd7f8272da29841 to remote] DEBUG org.apache.http.client.protocol.RequestAuthCache - Auth cache not set in the context
2019-03-15 07:36:01,452 [Forwarding isElementDisplayed on session ebf5bc0b43e1892a4cd7f8272da29841 to remote] DEBUG org.apache.http.impl.conn.PoolingHttpClientConnectionManager - Connection request: [route: {}->http://localhost:26602][total kept alive: 1; route allocated: 1 of 2000; total allocated: 1 of 2000]
2019-03-15 07:36:01,452 [Forwarding isElementDisplayed on session ebf5bc0b43e1892a4cd7f8272da29841 to remote] DEBUG org.apache.http.impl.conn.PoolingHttpClientConnectionManager - Connection leased: [id: 0][route: {}->http://localhost:26602][total kept alive: 0; route allocated: 1 of 2000; total allocated: 1 of 2000]
2019-03-15 07:36:01,452 [Forwarding isElementDisplayed on session ebf5bc0b43e1892a4cd7f8272da29841 to remote] DEBUG org.apache.http.impl.execchain.MainClientExec - Stale connection check
2019-03-15 07:36:01,453 [Forwarding isElementDisplayed on session ebf5bc0b43e1892a4cd7f8272da29841 to remote] DEBUG org.apache.http.wire - http-outgoing-0 << "[read] I/O error: Read timed out"
2019-03-15 07:36:01,453 [Forwarding isElementDisplayed on session ebf5bc0b43e1892a4cd7f8272da29841 to remote] DEBUG org.apache.http.impl.conn.DefaultManagedHttpClientConnection - http-outgoing-0: set socket timeout to 10800000
2019-03-15 07:36:01,453 [Forwarding isElementDisplayed on session ebf5bc0b43e1892a4cd7f8272da29841 to remote] DEBUG org.apache.http.impl.execchain.MainClientExec - Executing request GET /session/ebf5bc0b43e1892a4cd7f8272da29841/element/0.5793661813061162-1/displayed HTTP/1.1
2019-03-15 07:36:01,453 [Forwarding isElementDisplayed on session ebf5bc0b43e1892a4cd7f8272da29841 to remote] DEBUG org.apache.http.impl.execchain.MainClientExec - Target auth state: UNCHALLENGED
2019-03-15 07:36:01,453 [Forwarding isElementDisplayed on session ebf5bc0b43e1892a4cd7f8272da29841 to remote] DEBUG org.apache.http.impl.execchain.MainClientExec - Proxy auth state: UNCHALLENGED
2019-03-15 07:36:01,454 [Forwarding isElementDisplayed on session ebf5bc0b43e1892a4cd7f8272da29841 to remote] DEBUG org.apache.http.headers - http-outgoing-0 >> GET /session/ebf5bc0b43e1892a4cd7f8272da29841/element/0.5793661813061162-1/displayed HTTP/1.1
2019-03-15 07:36:01,454 [Forwarding isElementDisplayed on session ebf5bc0b43e1892a4cd7f8272da29841 to remote] DEBUG org.apache.http.headers - http-outgoing-0 >> Cache-Control: no-cache
[...]
2019-03-15 07:36:31,136 [Forwarding findElement on session ebf5bc0b43e1892a4cd7f8272da29841 to remote] DEBUG org.apache.http.headers - http-outgoing-0 >> Accept-Encoding: gzip,deflate
2019-03-15 07:36:31,136 [Forwarding findElement on session ebf5bc0b43e1892a4cd7f8272da29841 to remote] DEBUG org.apache.http.wire - http-outgoing-0 >> "POST /session/ebf5bc0b43e1892a4cd7f8272da29841/element HTTP/1.1[\r][\n]"
2019-03-15 07:36:31,136 [Forwarding findElement on session ebf5bc0b43e1892a4cd7f8272da29841 to remote] DEBUG org.apache.http.wire - http-outgoing-0 >> "Content-Type: application/json; charset=utf-8[\r][\n]"
2019-03-15 07:36:31,136 [Forwarding findElement on session ebf5bc0b43e1892a4cd7f8272da29841 to remote] DEBUG org.apache.http.wire - http-outgoing-0 >> "Content-Length: 49[\r][\n]"
2019-03-15 07:36:31,136 [Forwarding findElement on session ebf5bc0b43e1892a4cd7f8272da29841 to remote] DEBUG org.apache.http.wire - http-outgoing-0 >> "Host: localhost:26602[\r][\n]"
2019-03-15 07:36:31,136 [Forwarding findElement on session ebf5bc0b43e1892a4cd7f8272da29841 to remote] DEBUG org.apache.http.wire - http-outgoing-0 >> "Connection: Keep-Alive[\r][\n]"
2019-03-15 07:36:31,136 [Forwarding findElement on session ebf5bc0b43e1892a4cd7f8272da29841 to remote] DEBUG org.apache.http.wire - http-outgoing-0 >> "User-Agent: Apache-HttpClient/4.5.3 (Java/1.8.0_191)[\r][\n]"
2019-03-15 07:36:31,136 [Forwarding findElement on session ebf5bc0b43e1892a4cd7f8272da29841 to remote] DEBUG org.apache.http.wire - http-outgoing-0 >> "Accept-Encoding: gzip,deflate[\r][\n]"
2019-03-15 07:36:31,136 [Forwarding findElement on session ebf5bc0b43e1892a4cd7f8272da29841 to remote] DEBUG org.apache.http.wire - http-outgoing-0 >> "[\r][\n]"
2019-03-15 07:36:31,137 [Forwarding findElement on session ebf5bc0b43e1892a4cd7f8272da29841 to remote] DEBUG org.apache.http.wire - http-outgoing-0 >> "{"using":"xpath","value":"//*[@name='password']"}"
2019-03-15 07:36:31,217 [Forwarding findElement on session ebf5bc0b43e1892a4cd7f8272da29841 to remote] DEBUG org.apache.http.wire - http-outgoing-0 << "HTTP/1.1 200 OK[\r][\n]"
2019-03-15 07:36:31,217 [Forwarding findElement on session ebf5bc0b43e1892a4cd7f8272da29841 to remote] DEBUG org.apache.http.wire - http-outgoing-0 << "Content-Length:102[\r][\n]"
2019-03-15 07:36:31,217 [Forwarding findElement on session ebf5bc0b43e1892a4cd7f8272da29841 to remote] DEBUG org.apache.http.wire - http-outgoing-0 << "Content-Type:application/json; charset=utf-8[\r][\n]"
2019-03-15 07:36:31,217 [Forwarding findElement on session ebf5bc0b43e1892a4cd7f8272da29841 to remote] DEBUG org.apache.http.wire - http-outgoing-0 << "[\r][\n]"
2019-03-15 07:36:31,217 [Forwarding findElement on session ebf5bc0b43e1892a4cd7f8272da29841 to remote] DEBUG org.apache.http.wire - http-outgoing-0 << "{"sessionId":"ebf5bc0b43e1892a4cd7f8272da29841","status":0,"value":{"ELEMENT":"0.5793661813061162-1"}}"
2019-03-15 07:36:31,218 [Forwarding findElement on session ebf5bc0b43e1892a4cd7f8272da29841 to remote] DEBUG org.apache.http.headers - http-outgoing-0 << HTTP/1.1 200 OK
2019-03-15 07:36:31,218 [Forwarding findElement on session ebf5bc0b43e1892a4cd7f8272da29841 to remote] DEBUG org.apache.http.headers - http-outgoing-0 << Content-Length:102
2019-03-15 07:36:31,218 [Forwarding findElement on session ebf5bc0b43e1892a4cd7f8272da29841 to remote] DEBUG org.apache.http.headers - http-outgoing-0 << Content-Type:application/json; charset=utf-8
2019-03-15 07:36:31,218 [Forwarding findElement on session ebf5bc0b43e1892a4cd7f8272da29841 to remote] DEBUG org.apache.http.impl.execchain.MainClientExec - Connection can be kept alive indefinitely
2019-03-15 07:36:31,218 [Forwarding findElement on session ebf5bc0b43e1892a4cd7f8272da29841 to remote] DEBUG org.apache.http.impl.conn.PoolingHttpClientConnectionManager - Connection [id: 0][route: {}->http://localhost:26602] can be kept alive indefinitely
2019-03-15 07:36:31,218 [Forwarding findElement on session ebf5bc0b43e1892a4cd7f8272da29841 to remote] DEBUG org.apache.http.impl.conn.PoolingHttpClientConnectionManager - Connection released: [id: 0][route: {}->http://localhost:26602][total kept alive: 1; route allocated: 1 of 2000; total allocated: 1 of 2000]
2019-03-15 07:36:31,224 [Forwarding isElementDisplayed on session ebf5bc0b43e1892a4cd7f8272da29841 to remote] DEBUG org.apache.http.client.protocol.RequestAddCookies - CookieSpec selected: default
2019-03-15 07:36:31,224 [Forwarding isElementDisplayed on session ebf5bc0b43e1892a4cd7f8272da29841 to remote] DEBUG org.apache.http.client.protocol.RequestAuthCache - Auth cache not set in the context
2019-03-15 07:36:31,224 [Forwarding isElementDisplayed on session ebf5bc0b43e1892a4cd7f8272da29841 to remote] DEBUG org.apache.http.impl.conn.PoolingHttpClientConnectionManager - Connection request: [route: {}->http://localhost:26602][total kept alive: 1; route allocated: 1 of 2000; total allocated: 1 of 2000]
2019-03-15 07:36:31,224 [Forwarding isElementDisplayed on session ebf5bc0b43e1892a4cd7f8272da29841 to remote] DEBUG org.apache.http.impl.conn.PoolingHttpClientConnectionManager - Connection leased: [id: 0][route: {}->http://localhost:26602][total kept alive: 0; route allocated: 1 of 2000; total allocated: 1 of 2000]
2019-03-15 07:36:31,224 [Forwarding isElementDisplayed on session ebf5bc0b43e1892a4cd7f8272da29841 to remote] DEBUG org.apache.http.impl.execchain.MainClientExec - Stale connection check
2019-03-15 07:36:31,225 [Forwarding isElementDisplayed on session ebf5bc0b43e1892a4cd7f8272da29841 to remote] DEBUG org.apache.http.wire - http-outgoing-0 << "[read] I/O error: Read timed out"
2019-03-15 07:36:31,225 [Forwarding isElementDisplayed on session ebf5bc0b43e1892a4cd7f8272da29841 to remote] DEBUG org.apache.http.impl.conn.DefaultManagedHttpClientConnection - http-outgoing-0: set socket timeout to 10800000
2019-03-15 07:36:31,225 [Forwarding isElementDisplayed on session ebf5bc0b43e1892a4cd7f8272da29841 to remote] DEBUG org.apache.http.impl.execchain.MainClientExec - Executing request GET /session/ebf5bc0b43e1892a4cd7f8272da29841/element/0.5793661813061162-1/displayed HTTP/1.1
2019-03-15 07:36:31,225 [Forwarding isElementDisplayed on session ebf5bc0b43e1892a4cd7f8272da29841 to remote] DEBUG org.apache.http.impl.execchain.MainClientExec - Target auth state: UNCHALLENGED
2019-03-15 07:36:31,225 [Forwarding isElementDisplayed on session ebf5bc0b43e1892a4cd7f8272da29841 to remote] DEBUG org.apache.http.impl.execchain.MainClientExec - Proxy auth state: UNCHALLENGED
2019-03-15 07:36:31,225 [Forwarding isElementDisplayed on session ebf5bc0b43e1892a4cd7f8272da29841 to remote] DEBUG org.apache.http.headers - http-outgoing-0 >> GET /session/ebf5bc0b43e1892a4cd7f8272da29841/element/0.5793661813061162-1/displayed HTTP/1.1
2019-03-15 07:36:31,225 [Forwarding isElementDisplayed on session ebf5bc0b43e1892a4cd7f8272da29841 to remote] DEBUG org.apache.http.headers - http-outgoing-0 >> Cache-Control: no-cache
2019-03-15 07:36:31,225 [Forwarding isElementDisplayed on session ebf5bc0b43e1892a4cd7f8272da29841 to remote] DEBUG org.apache.http.headers - http-outgoing-0 >> Host: localhost:26602
2019-03-15 07:36:31,225 [Forwarding isElementDisplayed on session ebf5bc0b43e1892a4cd7f8272da29841 to remote] DEBUG org.apache.http.headers - http-outgoing-0 >> Connection: Keep-Alive
2019-03-15 07:36:31,225 [Forwarding isElementDisplayed on session ebf5bc0b43e1892a4cd7f8272da29841 to remote] DEBUG org.apache.http.headers - http-outgoing-0 >> User-Agent: Apache-HttpClient/4.5.3 (Java/1.8.0_191)
2019-03-15 07:36:31,225 [Forwarding isElementDisplayed on session ebf5bc0b43e1892a4cd7f8272da29841 to remote] DEBUG org.apache.http.headers - http-outgoing-0 >> Accept-Encoding: gzip,deflate
2019-03-15 07:36:31,225 [Forwarding isElementDisplayed on session ebf5bc0b43e1892a4cd7f8272da29841 to remote] DEBUG org.apache.http.wire - http-outgoing-0 >> "GET /session/ebf5bc0b43e1892a4cd7f8272da29841/element/0.5793661813061162-1/displayed HTTP/1.1[\r][\n]"
2019-03-15 07:36:31,225 [Forwarding isElementDisplayed on session ebf5bc0b43e1892a4cd7f8272da29841 to remote] DEBUG org.apache.http.wire - http-outgoing-0 >> "Cache-Control: no-cache[\r][\n]"
2019-03-15 07:36:31,225 [Forwarding isElementDisplayed on session ebf5bc0b43e1892a4cd7f8272da29841 to remote] DEBUG org.apache.http.wire - http-outgoing-0 >> "Host: localhost:26602[\r][\n]"
2019-03-15 07:36:31,225 [Forwarding isElementDisplayed on session ebf5bc0b43e1892a4cd7f8272da29841 to remote] DEBUG org.apache.http.wire - http-outgoing-0 >> "Connection: Keep-Alive[\r][\n]"
2019-03-15 07:36:31,225 [Forwarding isElementDisplayed on session ebf5bc0b43e1892a4cd7f8272da29841 to remote] DEBUG org.apache.http.wire - http-outgoing-0 >> "User-Agent: Apache-HttpClient/4.5.3 (Java/1.8.0_191)[\r][\n]"
2019-03-15 07:36:31,225 [Forwarding isElementDisplayed on session ebf5bc0b43e1892a4cd7f8272da29841 to remote] DEBUG org.apache.http.wire - http-outgoing-0 >> "Accept-Encoding: gzip,deflate[\r][\n]"
2019-03-15 07:36:31,225 [Forwarding isElementDisplayed on session ebf5bc0b43e1892a4cd7f8272da29841 to remote] DEBUG org.apache.http.wire - http-outgoing-0 >> "[\r][\n]"
2019-03-15 07:36:31,338 [Forwarding isElementDisplayed on session ebf5bc0b43e1892a4cd7f8272da29841 to remote] DEBUG org.apache.http.wire - http-outgoing-0 << "HTTP/1.1 200 OK[\r][\n]"
2019-03-15 07:36:31,338 [Forwarding isElementDisplayed on session ebf5bc0b43e1892a4cd7f8272da29841 to remote] DEBUG org.apache.http.wire - http-outgoing-0 << "Content-Length:73[\r][\n]"
2019-03-15 07:36:31,338 [Forwarding isElementDisplayed on session ebf5bc0b43e1892a4cd7f8272da29841 to remote] DEBUG org.apache.http.wire - http-outgoing-0 << "Content-Type:application/json; charset=utf-8[\r][\n]"
2019-03-15 07:36:31,338 [Forwarding isElementDisplayed on session ebf5bc0b43e1892a4cd7f8272da29841 to remote] DEBUG org.apache.http.wire - http-outgoing-0 << "[\r][\n]"
2019-03-15 07:36:31,338 [Forwarding isElementDisplayed on session ebf5bc0b43e1892a4cd7f8272da29841 to remote] DEBUG org.apache.http.wire - http-outgoing-0 << "{"sessionId":"ebf5bc0b43e1892a4cd7f8272da29841","status":0,"value":false}"
2019-03-15 07:36:31,338 [Forwarding isElementDisplayed on session ebf5bc0b43e1892a4cd7f8272da29841 to remote] DEBUG org.apache.http.headers - http-outgoing-0 << HTTP/1.1 200 OK
2019-03-15 07:36:31,338 [Forwarding isElementDisplayed on session ebf5bc0b43e1892a4cd7f8272da29841 to remote] DEBUG org.apache.http.headers - http-outgoing-0 << Content-Length:73
2019-03-15 07:36:31,338 [Forwarding isElementDisplayed on session ebf5bc0b43e1892a4cd7f8272da29841 to remote] DEBUG org.apache.http.headers - http-outgoing-0 << Content-Type:application/json; charset=utf-8
2019-03-15 07:36:31,340 [Forwarding isElementDisplayed on session ebf5bc0b43e1892a4cd7f8272da29841 to remote] DEBUG org.apache.http.impl.execchain.MainClientExec - Connection can be kept alive indefinitely
2019-03-15 07:36:31,340 [Forwarding isElementDisplayed on session ebf5bc0b43e1892a4cd7f8272da29841 to remote] DEBUG org.apache.http.impl.conn.PoolingHttpClientConnectionManager - Connection [id: 0][route: {}->http://localhost:26602] can be kept alive indefinitely
2019-03-15 07:36:31,340 [Forwarding isElementDisplayed on session ebf5bc0b43e1892a4cd7f8272da29841 to remote] DEBUG org.apache.http.impl.conn.PoolingHttpClientConnectionManager - Connection released: [id: 0][route: {}->http://localhost:26602][total kept alive: 1; route allocated: 1 of 2000; total allocated: 1 of 2000]
2019-03-15 07:36:31,343 [Forwarding findElement on session ebf5bc0b43e1892a4cd7f8272da29841 to remote] DEBUG org.apache.http.client.protocol.RequestAddCookies - CookieSpec selected: default
2019-03-15 07:36:31,343 [Forwarding findElement on session ebf5bc0b43e1892a4cd7f8272da29841 to remote] DEBUG org.apache.http.client.protocol.RequestAuthCache - Auth cache not set in the context
2019-03-15 07:36:31,343 [Forwarding findElement on session ebf5bc0b43e1892a4cd7f8272da29841 to remote] DEBUG org.apache.http.impl.conn.PoolingHttpClientConnectionManager - Connection request: [route: {}->http://localhost:26602][total kept alive: 1; route allocated: 1 of 2000; total allocated: 1 of 2000]
2019-03-15 07:36:31,343 [Forwarding findElement on session ebf5bc0b43e1892a4cd7f8272da29841 to remote] DEBUG org.apache.http.impl.conn.PoolingHttpClientConnectionManager - Connection leased: [id: 0][route: {}->http://localhost:26602][total kept alive: 0; route allocated: 1 of 2000; total allocated: 1 of 2000]
2019-03-15 07:36:31,343 [Forwarding findElement on session ebf5bc0b43e1892a4cd7f8272da29841 to remote] DEBUG org.apache.http.impl.execchain.MainClientExec - Stale connection check
2019-03-15 07:36:31,344 [Forwarding findElement on session ebf5bc0b43e1892a4cd7f8272da29841 to remote] DEBUG org.apache.http.wire - http-outgoing-0 << "[read] I/O error: Read timed out"
2019-03-15 07:36:31,344 [Forwarding findElement on session ebf5bc0b43e1892a4cd7f8272da29841 to remote] DEBUG org.apache.http.impl.conn.DefaultManagedHttpClientConnection - http-outgoing-0: set socket timeout to 10800000
2019-03-15 07:36:31,344 [Forwarding findElement on session ebf5bc0b43e1892a4cd7f8272da29841 to remote] DEBUG org.apache.http.impl.execchain.MainClientExec - Executing request POST /session/ebf5bc0b43e1892a4cd7f8272da29841/element HTTP/1.1
2019-03-15 07:36:31,344 [Forwarding findElement on session ebf5bc0b43e1892a4cd7f8272da29841 to remote] DEBUG org.apache.http.impl.execchain.MainClientExec - Target auth state: UNCHALLENGED
2019-03-15 07:36:31,344 [Forwarding findElement on session ebf5bc0b43e1892a4cd7f8272da29841 to remote] DEBUG org.apache.http.impl.execchain.MainClientExec - Proxy auth state: UNCHALLENGED
2019-03-15 07:36:31,344 [Forwarding findElement on session ebf5bc0b43e1892a4cd7f8272da29841 to remote] DEBUG org.apache.http.headers - http-outgoing-0 >> POST /session/ebf5bc0b43e1892a4cd7f8272da29841/element HTTP/1.1
2019-03-15 07:36:31,344 [Forwarding findElement on session ebf5bc0b43e1892a4cd7f8272da29841 to remote] DEBUG org.apache.http.headers - http-outgoing-0 >> Content-Type: application/json; charset=utf-8
2019-03-15 07:36:31,344 [Forwarding findElement on session ebf5bc0b43e1892a4cd7f8272da29841 to remote] DEBUG org.apache.http.headers - http-outgoing-0 >> Content-Length: 49
2019-03-15 07:36:31,344 [Forwarding findElement on session ebf5bc0b43e1892a4cd7f8272da29841 to remote] DEBUG org.apache.http.headers - http-outgoing-0 >> Host: localhost:26602
2019-03-15 07:36:31,344 [Forwarding findElement on session ebf5bc0b43e1892a4cd7f8272da29841 to remote] DEBUG org.apache.http.headers - http-outgoing-0 >> Connection: Keep-Alive
2019-03-15 07:36:31,344 [Forwarding findElement on session ebf5bc0b43e1892a4cd7f8272da29841 to remote] DEBUG org.apache.http.headers - http-outgoing-0 >> User-Agent: Apache-HttpClient/4.5.3 (Java/1.8.0_191)
2019-03-15 07:36:31,344 [Forwarding findElement on session ebf5bc0b43e1892a4cd7f8272da29841 to remote] DEBUG org.apache.http.headers - http-outgoing-0 >> Accept-Encoding: gzip,deflate
2019-03-15 07:36:31,344 [Forwarding findElement on session ebf5bc0b43e1892a4cd7f8272da29841 to remote] DEBUG org.apache.http.wire - http-outgoing-0 >> "POST /session/ebf5bc0b43e1892a4cd7f8272da29841/element HTTP/1.1[\r][\n]"
2019-03-15 07:36:31,344 [Forwarding findElement on session ebf5bc0b43e1892a4cd7f8272da29841 to remote] DEBUG org.apache.http.wire - http-outgoing-0 >> "Content-Type: application/json; charset=utf-8[\r][\n]"
2019-03-15 07:36:31,344 [Forwarding findElement on session ebf5bc0b43e1892a4cd7f8272da29841 to remote] DEBUG org.apache.http.wire - http-outgoing-0 >> "Content-Length: 49[\r][\n]"
2019-03-15 07:36:31,344 [Forwarding findElement on session ebf5bc0b43e1892a4cd7f8272da29841 to remote] DEBUG org.apache.http.wire - http-outgoing-0 >> "Host: localhost:26602[\r][\n]"
2019-03-15 07:36:31,344 [Forwarding findElement on session ebf5bc0b43e1892a4cd7f8272da29841 to remote] DEBUG org.apache.http.wire - http-outgoing-0 >> "Connection: Keep-Alive[\r][\n]"
2019-03-15 07:36:31,345 [Forwarding findElement on session ebf5bc0b43e1892a4cd7f8272da29841 to remote] DEBUG org.apache.http.wire - http-outgoing-0 >> "User-Agent: Apache-HttpClient/4.5.3 (Java/1.8.0_191)[\r][\n]"
2019-03-15 07:36:31,345 [Forwarding findElement on session ebf5bc0b43e1892a4cd7f8272da29841 to remote] DEBUG org.apache.http.wire - http-outgoing-0 >> "Accept-Encoding: gzip,deflate[\r][\n]"
2019-03-15 07:36:31,345 [Forwarding findElement on session ebf5bc0b43e1892a4cd7f8272da29841 to remote] DEBUG org.apache.http.wire - http-outgoing-0 >> "[\r][\n]"
2019-03-15 07:36:31,346 [Forwarding findElement on session ebf5bc0b43e1892a4cd7f8272da29841 to remote] DEBUG org.apache.http.wire - http-outgoing-0 >> "{"using":"xpath","value":"//*[@name='password']"}"
2019-03-15 07:36:31,406 [Forwarding findElement on session ebf5bc0b43e1892a4cd7f8272da29841 to remote] DEBUG org.apache.http.wire - http-outgoing-0 << "HTTP/1.1 200 OK[\r][\n]"
2019-03-15 07:36:31,406 [Forwarding findElement on session ebf5bc0b43e1892a4cd7f8272da29841 to remote] DEBUG org.apache.http.wire - http-outgoing-0 << "Content-Length:102[\r][\n]"
2019-03-15 07:36:31,406 [Forwarding findElement on session ebf5bc0b43e1892a4cd7f8272da29841 to remote] DEBUG org.apache.http.wire - http-outgoing-0 << "Content-Type:application/json; charset=utf-8[\r][\n]"
2019-03-15 07:36:31,406 [Forwarding findElement on session ebf5bc0b43e1892a4cd7f8272da29841 to remote] DEBUG org.apache.http.wire - http-outgoing-0 << "[\r][\n]"
2019-03-15 07:36:31,406 [Forwarding findElement on session ebf5bc0b43e1892a4cd7f8272da29841 to remote] DEBUG org.apache.http.wire - http-outgoing-0 << "{"sessionId":"ebf5bc0b43e1892a4cd7f8272da29841","status":0,"value":{"ELEMENT":"0.5793661813061162-1"}}"
2019-03-15 07:36:31,406 [Forwarding findElement on session ebf5bc0b43e1892a4cd7f8272da29841 to remote] DEBUG org.apache.http.headers - http-outgoing-0 << HTTP/1.1 200 OK
2019-03-15 07:36:31,406 [Forwarding findElement on session ebf5bc0b43e1892a4cd7f8272da29841 to remote] DEBUG org.apache.http.headers - http-outgoing-0 << Content-Length:102
2019-03-15 07:36:31,406 [Forwarding findElement on session ebf5bc0b43e1892a4cd7f8272da29841 to remote] DEBUG org.apache.http.headers - http-outgoing-0 << Content-Type:application/json; charset=utf-8
2019-03-15 07:36:31,406 [Forwarding findElement on session ebf5bc0b43e1892a4cd7f8272da29841 to remote] DEBUG org.apache.http.impl.execchain.MainClientExec - Connection can be kept alive indefinitely
2019-03-15 07:36:31,407 [Forwarding findElement on session ebf5bc0b43e1892a4cd7f8272da29841 to remote] DEBUG org.apache.http.impl.conn.PoolingHttpClientConnectionManager - Connection [id: 0][route: {}->http://localhost:26602] can be kept alive indefinitely
2019-03-15 07:36:31,407 [Forwarding findElement on session ebf5bc0b43e1892a4cd7f8272da29841 to remote] DEBUG org.apache.http.impl.conn.PoolingHttpClientConnectionManager - Connection released: [id: 0][route: {}->http://localhost:26602][total kept alive: 1; route allocated: 1 of 2000; total allocated: 1 of 2000]
]]></system-out>
    <system-err><![CDATA[Starting ChromeDriver 2.45.615291 (ec3682e3c9061c10f26ea9e5cdcf3c53f3f74387) on port 26602
Only local connections are allowed.
[1552615536.283][WARNING]: Timed out connecting to Chrome, retrying...
Mar 15, 2019 7:35:45 AM org.openqa.selenium.remote.ProtocolHandshake createSession
INFO: Detected dialect: OSS
]]></system-err>
  </testcase>
  <testcase name="Given : user already login" classname="Scenario: validate product search" time="0">
    <skipped/>
  </testcase>
  <testcase name="When : user enter product as &quot;laptop&quot;" classname="Scenario: validate product search" time="0">
    <skipped/>
  </testcase>
  <testcase name="Then : all matching products should be displayed" classname="Scenario: validate product search" time="0">
    <skipped/>
  </testcase>
</testsuite>